#
# A fatal error has been detected by the Java Runtime Environment:
#
#  EXCEPTION_ACCESS_VIOLATION (0xc0000005) at pc=0x00007ffd170526c4, pid=79384, tid=36656
#
# JRE version: OpenJDK Runtime Environment (24.0.1+9) (build 24.0.1+9-30)
# Java VM: OpenJDK 64-Bit Server VM (24.0.1+9-30, mixed mode, sharing, tiered, compressed oops, compressed class ptrs, g1 gc, windows-amd64)
# Problematic frame:
# C  [libasyncProfiler.dll+0x926c4]
#
# No core dump will be written. Minidumps are not enabled by default on client versions of Windows
#
# If you would like to submit a bug report, please visit:
#   https://bugreport.java.com/bugreport/crash.jsp
# The crash happened outside the Java Virtual Machine in native code.
# See problematic frame for where to report the bug.
#

---------------  S U M M A R Y ------------

Command Line: -agentlib:jdwp=transport=dt_socket,address=127.0.0.1:49676,suspend=y,server=n -javaagent:C:\Users\luizh\AppData\Local\JetBrains\IntelliJIdea2025.1\captureAgent\debugger-agent.jar=file:///C:/Users/luizh/AppData/Local/Temp/capture10634565597680994053.props -ea -agentpath:C:\Users\luizh\AppData\Local\Temp\idea_libasyncProfiler_dll_temp_folder9\libasyncProfiler.dll=version,jfr,event=wall,interval=10ms,cstack=no,file=C:\Users\luizh\IdeaSnapshots\AccountMovementControllerIntegrationTest_givenValidAccountMovementRequest_whenFindingAccountMovementHistory_thenCallRepository_2025_05_26_115548.jfr,dbghelppath=C:\Users\luizh\AppData\Local\Temp\idea_dbghelp_dll_temp_folder\dbghelp.dll,log=C:\Users\luizh\AppData\Local\Temp\AccountMovementControllerIntegrationTest_givenValidAccountMovementRequest_whenFindingAccountMovementHistory_thenCallRepository_2025_05_26_115548.jfr.log.txt,logLevel=DEBUG -Didea.test.cyclic.buffer.size=1048576 -Dkotlinx.coroutines.debug.enable.creation.stack.trace=false -Ddebugger.agent.enable.coroutines=true -Dkotlinx.coroutines.debug.enable.flows.stack.trace=true -Dkotlinx.coroutines.debug.enable.mutable.state.flows.stack.trace=true -Dfile.encoding=UTF-8 -Dsun.stdout.encoding=UTF-8 -Dsun.stderr.encoding=UTF-8 com.intellij.rt.junit.JUnitStarter -ideVersion5 -junit5 br.com.khadijeelzein.accountmanager.controller.AccountMovementControllerIntegrationTest,givenValidAccountMovementRequest_whenFindingAccountMovementHistory_thenCallRepository

Host: Intel(R) Core(TM) i7-10510U CPU @ 1.80GHz, 8 cores, 7G,  Windows 11 , 64 bit Build 26100 (10.0.26100.3912)
Time: Mon May 26 11:56:27 2025 Hora oficial do Brasil elapsed time: 38.570447 seconds (0d 0h 0m 38s)

---------------  T H R E A D  ---------------

Current thread (0x000001ceba2d0910):  JavaThread "Attach Listener" daemon [_thread_in_native, id=36656, stack(0x00000085db300000,0x00000085db400000) (1024K)]

Stack: [0x00000085db300000,0x00000085db400000],  sp=0x00000085db3ff180,  free space=1020k
Native frames: (J=compiled Java code, j=interpreted, Vv=VM code, C=native code)
C  [libasyncProfiler.dll+0x926c4]  (no source info available)
C  [libasyncProfiler.dll+0x92b9b]  (no source info available)
C  [libasyncProfiler.dll+0x917f4]  (no source info available)
C  [libasyncProfiler.dll+0x9206a]  (no source info available)
C  [libasyncProfiler.dll+0x8cc21]  (no source info available)
C  [libasyncProfiler.dll+0x7e5e1]  (no source info available)
C  [libasyncProfiler.dll+0x7d2f8]  (no source info available)
C  [libasyncProfiler.dll+0x7d1e0]  (no source info available)
C  [libasyncProfiler.dll+0x841b9]  (no source info available)
V  [jvm.dll+0x57eff7]  (no source info available)
V  [jvm.dll+0x57fdac]  (no source info available)
V  [jvm.dll+0x14ca17]  (no source info available)
V  [jvm.dll+0x14dfe1]  (no source info available)
V  [jvm.dll+0x42f456]  (no source info available)
V  [jvm.dll+0x87d76b]  (no source info available)
V  [jvm.dll+0x72ee55]  (no source info available)
C  [ucrtbase.dll+0x37b0]  (no source info available)
C  [KERNEL32.DLL+0x2e8d7]  (no source info available)
C  [ntdll.dll+0x9c5dc]  (no source info available)


siginfo: EXCEPTION_ACCESS_VIOLATION (0xc0000005), reading address 0xffffffffffffffff


Registers:
RAX=0x0000000000000010, RBX=0x0000000000000000, RCX=0xffffffffffffffff, RDX=0x007ffcde5c300010
RSP=0x00000085db3ff180, RBP=0x000001ce8b8cef40, RSI=0x00000085db3ff2f0, RDI=0x000001ce8b8cef40
R8 =0x0000000000000042, R9 =0x00000000831eac70, R10=0x00007ffcde839fb0, R11=0x000000000000003e
R12=0x00000085db3ff2f0, R13=0x000001ce9a4ec410, R14=0x000001ceba2d0cd8, R15=0x000001ceba2d0cd8
RIP=0x00007ffd170526c4, EFLAGS=0x0000000000010202

XMM[0]=0x0000000000000000 0x0000000000000000
XMM[1]=0x0000000000000000 0x0000000000000000
XMM[2]=0x0000000000000000 0x0000000000000000
XMM[3]=0x0000000000000000 0x0000000000000000
XMM[4]=0x0000000000000000 0x0000000000000000
XMM[5]=0x0000000000000000 0x0000000000000000
XMM[6]=0x0000000000000000 0x0000000000000000
XMM[7]=0x0000000000000000 0x0000000000000000
XMM[8]=0x0000000000000000 0x0000000000000000
XMM[9]=0x0000000000000000 0x0000000000000000
XMM[10]=0x0000000000000000 0x0000000000000000
XMM[11]=0x0000000000000000 0x0000000000000000
XMM[12]=0x0000000000000000 0x0000000000000000
XMM[13]=0x0000000000000000 0x0000000000000000
XMM[14]=0x0000000000000000 0x0000000000000000
XMM[15]=0x0000000000000000 0x0000000000000000
  MXCSR=0x00001fa0


Register to memory mapping:

RAX=0x0000000000000010 is an unknown value
RBX=0x0 is null
RCX=0xffffffffffffffff is an unknown value
RDX=0x007ffcde5c300010 is an unknown value
RSP=0x00000085db3ff180 is pointing into the stack for thread: 0x000001ceba2d0910
RBP=0x000001ce8b8cef40 points into unknown readable memory: 0x00000000831eac70 | 70 ac 1e 83 00 00 00 00
RSI=0x00000085db3ff2f0 is pointing into the stack for thread: 0x000001ceba2d0910
RDI=0x000001ce8b8cef40 points into unknown readable memory: 0x00000000831eac70 | 70 ac 1e 83 00 00 00 00
R8 =0x0000000000000042 is an unknown value
R9 =0x00000000831eac70 is an oop: java.lang.Thread 
{0x00000000831eac70} - klass: 'java/lang/Thread' - flags: 

 - ---- fields (total size 14 words):
 - 'threadLocalRandomProbe' 'I' @12  -1640531527 (0x9e3779b9)
 - private volatile 'eetop' 'J' @16  1986901895312 (0x000001ce9c94e890)
 - private final 'tid' 'J' @24  3 (0x0000000000000003)
 - 'threadLocalRandomSeed' 'J' @32  -4117728172182103365 (0xc6dae40b47779abb)
 - injected 'jvmti_thread_state' 'J' @40  1987399253504 (0x000001ceba39fe00)
 - 'threadLocalRandomSecondarySeed' 'I' @48  1131683446 (0x43741e76)
 - injected 'jvmti_VTMS_transition_disable_count' 'I' @52  0 (0x00000000)
 - injected 'jfr_epoch' 'S' @56  0 (0x0000)
 - volatile 'interrupted' 'Z' @58  false (0x00)
 - injected 'jvmti_is_in_VTMS_transition' 'Z' @59  false (0x00)
 - private volatile 'name' 'Ljava/lang/String;' @60  "main"{0x00000000831ec128} (0x831ec128)
 - private volatile 'contextClassLoader' 'Ljava/lang/ClassLoader;' @64  a 'jdk/internal/loader/ClassLoaders$AppClassLoader'{0x000000008306bd88} (0x8306bd88)
 - private final 'holder' 'Ljava/lang/Thread$FieldHolder;' @68  a 'java/lang/Thread$FieldHolder'{0x00000000831ec158} (0x831ec158)
 - 'threadLocals' 'Ljava/lang/ThreadLocal$ThreadLocalMap;' @72  a 'java/lang/ThreadLocal$ThreadLocalMap'{0x00000000831ec180} (0x831ec180)
 - 'inheritableThreadLocals' 'Ljava/lang/ThreadLocal$ThreadLocalMap;' @76  a 'java/lang/ThreadLocal$ThreadLocalMap'{0x00000000857b7d00} (0x857b7d00)
 - private 'scopedValueBindings' 'Ljava/lang/Object;' @80  a 'java/lang/Class'{0x00000000ffe7c258} = 'java/lang/Thread' (0xffe7c258)
 - final 'interruptLock' 'Ljava/lang/Object;' @84  a 'java/lang/Object'{0x00000000831ee550} (0x831ee550)
 - private volatile 'parkBlocker' 'Ljava/lang/Object;' @88  null (0x00000000)
 - private 'nioBlocker' 'Lsun/nio/ch/Interruptible;' @92  null (0x00000000)
 - private 'cont' 'Ljdk/internal/vm/Continuation;' @96  null (0x00000000)
 - private volatile 'uncaughtExceptionHandler' 'Ljava/lang/Thread$UncaughtExceptionHandler;' @100  null (0x00000000)
 - private 'container' 'Ljdk/internal/vm/ThreadContainer;' @104  null (0x00000000)
 - private volatile 'headStackableScopes' 'Ljdk/internal/vm/StackableScope;' @108  null (0x00000000)
R10=0x00007ffcde839fb0 jvm.dll
R11=0x000000000000003e is an unknown value
R12=0x00000085db3ff2f0 is pointing into the stack for thread: 0x000001ceba2d0910
R13=0x000001ce9a4ec410 points into unknown readable memory: 0x00007ffcde7aa510 | 10 a5 7a de fc 7f 00 00
R14=0x000001ceba2d0cd8 points into unknown readable memory: 0x00007ffcde7a17b0 | b0 17 7a de fc 7f 00 00
R15=0x000001ceba2d0cd8 points into unknown readable memory: 0x00007ffcde7a17b0 | b0 17 7a de fc 7f 00 00

Top of Stack: (sp=0x00000085db3ff180)
0x00000085db3ff180:   00000085db3ff2f0 000001ce8b8cef40   ..?.....@.......
0x00000085db3ff190:   0000000000000000 000001ceba2d1060   ........`.-.....
0x00000085db3ff1a0:   0000000000000036 00007ffd17052b9b   6........+......
0x00000085db3ff1b0:   0000000000000000 000001ceba2d0cd8   ..........-.....
0x00000085db3ff1c0:   00000085db3ff201 0000000000000000   ..?.............
0x00000085db3ff1d0:   000001ce803e7af0 00007ffd170517f4   .z>.............
0x00000085db3ff1e0:   0000000000000000 0000000000000036   ........6.......
0x00000085db3ff1f0:   0000000000000000 0000000000000036   ........6.......
0x00000085db3ff200:   0000001b00000002 000001ce837cf5a0   ..........|.....
0x00000085db3ff210:   000001ce803e7af0 000001ce803e7bc8   .z>......{>.....
0x00000085db3ff220:   000001ce803e7bec 0000000000014990   .{>......I......
0x00000085db3ff230:   0000000000000000 0000000000000000   ................
0x00000085db3ff240:   0000000000000000 00007ffcde0057d4   .........W......
0x00000085db3ff250:   00007ffd17194ca0 0000000000013618   .L.......6......
0x00000085db3ff260:   00007ffd17194ca0 00000000ffffffff   .L..............
0x00000085db3ff270:   0000000000000000 00007ffd1705206a   ........j ......
0x00000085db3ff280:   000001ceba2d0cd8 0000000000000000   ..-.............
0x00000085db3ff290:   00000085db3ff2f9 000001ce9a4ec410   ..?.......N.....
0x00000085db3ff2a0:   00007ffd53a388b0 00007ffd53910139   ...S....9..S....
0x00000085db3ff2b0:   000000000000001b 00007ffd53af9fc9   ...........S....
0x00000085db3ff2c0:   000001ceba2d0cd8 00007ffd17194ca0   ..-......L......
0x00000085db3ff2d0:   0000000000000007 00007ffcde291712   ..........).....
0x00000085db3ff2e0:   0000000000000000 000001ceba2d0cd8   ..........-.....
0x00000085db3ff2f0:   000001ce89a11cb0 000001ce89a12370   ........p#......
0x00000085db3ff300:   000001ce89a12370 00007ffd17194ca0   p#.......L......
0x00000085db3ff310:   000001ce9c8e94c8 00000085db3ff488   ..........?.....
0x00000085db3ff320:   00000085db3ff5c0 0000000000008840   ..?.....@.......
0x00000085db3ff330:   00000085db3ff7a0 00007ffd17194cf0   ..?......L......
0x00000085db3ff340:   0000000000989680 0000000000989680   ................
0x00000085db3ff350:   00000085db3ff460 00007ffd1704cc21   `.?.....!.......
0x00000085db3ff360:   00007ffd17194ca0 00007ffd17194cf8   .L.......L......
0x00000085db3ff370:   00007ffd00000000 001f4dfd00000001   .............M..

Instructions: (pc=0x00007ffd170526c4)
  0x00007ffd170525c4:   cc cc cc cc cc cc cc cc cc cc cc cc cc cc cc cc
  0x00007ffd170525d4:   cc cc cc cc cc cc cc cc cc cc cc cc cc cc cc cc
  0x00007ffd170525e4:   cc cc cc cc cc cc cc cc cc cc cc cc cc cc cc cc
  0x00007ffd170525f4:   cc cc cc cc cc cc cc cc cc cc cc cc cc cc cc cc
  0x00007ffd17052604:   cc cc cc cc cc cc cc cc cc cc cc cc cc cc cc cc
  0x00007ffd17052614:   cc cc cc cc cc cc cc cc cc cc cc cc cc cc cc cc
  0x00007ffd17052624:   cc cc cc cc cc cc cc cc cc cc cc cc cc cc cc cc
  0x00007ffd17052634:   cc cc cc cc cc cc cc cc cc cc cc cc cc cc cc cc
  0x00007ffd17052644:   cc cc cc cc cc cc cc cc cc cc cc cc 40 57 48 83
  0x00007ffd17052654:   ec 20 48 8b f9 48 8b 0d 10 28 14 00 48 85 c9 74
  0x00007ffd17052664:   20 48 8b 01 48 8d 54 24 38 41 b8 06 00 01 00 4c
  0x00007ffd17052674:   8b 48 30 41 ff d1 85 c0 75 07 48 8b 4c 24 38 eb
  0x00007ffd17052684:   02 33 c9 4c 8b 05 ea 28 14 00 48 89 5c 24 30 4d
  0x00007ffd17052694:   85 c0 74 4a 48 8b 01 48 8b d7 4c 8b 88 28 03 00
  0x00007ffd170526a4:   00 41 ff d1 48 85 c0 74 35 48 63 0d f8 e6 13 00
  0x00007ffd170526b4:   48 8b 14 01 48 85 d2 74 15 48 63 05 fc e6 13 00
=>0x00007ffd170526c4:   8b 04 10 48 8b 5c 24 30 48 83 c4 20 5f c3 b8 ff
  0x00007ffd170526d4:   ff ff ff 48 8b 5c 24 30 48 83 c4 20 5f c3 80 3d
  0x00007ffd170526e4:   9b 27 14 00 00 bb ff ff ff ff 74 20 4c 8b 0d 31
  0x00007ffd170526f4:   24 14 00 4c 8d 44 24 38 48 8b 0d 15 24 14 00 48
  0x00007ffd17052704:   8b d7 41 ff d1 85 c0 0f 44 5c 24 38 8b c3 48 8b
  0x00007ffd17052714:   5c 24 30 48 83 c4 20 5f c3 cc cc cc cc cc cc cc
  0x00007ffd17052724:   cc cc cc cc cc cc cc cc cc cc cc cc cc cc cc cc
  0x00007ffd17052734:   cc cc cc cc cc cc cc cc cc cc cc cc cc cc cc cc
  0x00007ffd17052744:   cc cc cc cc cc cc cc cc cc cc cc cc 48 89 54 24
  0x00007ffd17052754:   10 53 55 56 57 41 56 41 57 48 83 ec 28 48 8b f2
  0x00007ffd17052764:   4c 8b f1 48 89 4c 24 78 45 33 ff 44 89 7c 24 68
  0x00007ffd17052774:   c7 44 24 60 01 00 00 00 48 8d 4c 24 68 e8 ed 42
  0x00007ffd17052784:   f7 ff 8b d8 48 8d 4c 24 60 e8 e1 42 f7 ff 8b e8
  0x00007ffd17052794:   49 8b ce e8 00 fc f6 ff 48 8b f8 90 8b c3 f0 0f
  0x00007ffd170527a4:   b1 2f 74 04 f3 90 eb f4 4c 89 3e 4c 89 7e 08 4c
  0x00007ffd170527b4:   89 7e 10 49 8b 6e 08 4d 8b 76 10 49 3b ee 0f 84


Stack slot to memory mapping:

stack at sp + 0 slots: 0x00000085db3ff2f0 is pointing into the stack for thread: 0x000001ceba2d0910
stack at sp + 1 slots: 0x000001ce8b8cef40 points into unknown readable memory: 0x00000000831eac70 | 70 ac 1e 83 00 00 00 00
stack at sp + 2 slots: 0x0 is null
stack at sp + 3 slots: 0x000001ceba2d1060 points into unknown readable memory: 0x6e616c2e6176616a | 6a 61 76 61 2e 6c 61 6e
stack at sp + 4 slots: 0x0000000000000036 is an unknown value
stack at sp + 5 slots: 0x00007ffd17052b9b libasyncProfiler.dll
stack at sp + 6 slots: 0x0 is null
stack at sp + 7 slots: 0x000001ceba2d0cd8 points into unknown readable memory: 0x00007ffcde7a17b0 | b0 17 7a de fc 7f 00 00

Lock stack of current Java thread (top to bottom):


---------------  P R O C E S S  ---------------

Threads class SMR info:
_java_thread_list=0x000001ce888d1670, length=31, elements={
0x000001ce9c94e890, 0x000001ceba2c6e00, 0x000001ceba2c7740, 0x000001ceba2cea20,
0x000001ceba2d0910, 0x000001ceba2d6050, 0x000001ceba2d4000, 0x000001ceba2de160,
0x000001ceba2e1870, 0x000001ceba4d7270, 0x000001ceba4fb980, 0x000001ceba4fc6b0,
0x000001ceba5763a0, 0x000001ceba5bb490, 0x000001ceba6d87b0, 0x000001ce80d2f5c0,
0x000001ce80d328f0, 0x000001ce80d33040, 0x000001ce80d33790, 0x000001ce80d30460,
0x000001ce80d31300, 0x000001ce80d33ee0, 0x000001ce80d31a50, 0x000001ce80d30bb0,
0x000001ce816dc820, 0x000001ce816db230, 0x000001ce816dcf70, 0x000001ce87d3fcc0,
0x000001ce87d428a0, 0x000001ce87d42150, 0x000001ce87d42ff0
}

Java Threads: ( => current thread )
  0x000001ce9c94e890 JavaThread "main"                              [_thread_blocked, id=62740, stack(0x00000085da800000,0x00000085da900000) (1024K)]
  0x000001ceba2c6e00 JavaThread "Reference Handler"          daemon [_thread_blocked, id=82884, stack(0x00000085db000000,0x00000085db100000) (1024K)]
  0x000001ceba2c7740 JavaThread "Finalizer"                  daemon [_thread_blocked, id=67716, stack(0x00000085db100000,0x00000085db200000) (1024K)]
  0x000001ceba2cea20 JavaThread "Signal Dispatcher"          daemon [_thread_blocked, id=70468, stack(0x00000085db200000,0x00000085db300000) (1024K)]
=>0x000001ceba2d0910 JavaThread "Attach Listener"            daemon [_thread_in_native, id=36656, stack(0x00000085db300000,0x00000085db400000) (1024K)]
  0x000001ceba2d6050 JavaThread "Service Thread"             daemon [_thread_blocked, id=82376, stack(0x00000085db400000,0x00000085db500000) (1024K)]
  0x000001ceba2d4000 JavaThread "Monitor Deflation Thread"   daemon [_thread_blocked, id=83052, stack(0x00000085db500000,0x00000085db600000) (1024K)]
  0x000001ceba2de160 JavaThread "C2 CompilerThread0"         daemon [_thread_blocked, id=53600, stack(0x00000085db600000,0x00000085db700000) (1024K)]
  0x000001ceba2e1870 JavaThread "C1 CompilerThread0"         daemon [_thread_blocked, id=44748, stack(0x00000085db700000,0x00000085db800000) (1024K)]
  0x000001ceba4d7270 JavaThread "JDWP Transport Listener: dt_socket" daemon [_thread_blocked, id=2768, stack(0x00000085db900000,0x00000085dba00000) (1024K)]
  0x000001ceba4fb980 JavaThread "JDWP Event Helper Thread"   daemon [_thread_blocked, id=44588, stack(0x00000085dba00000,0x00000085dbb00000) (1024K)]
  0x000001ceba4fc6b0 JavaThread "JDWP Command Reader"        daemon [_thread_in_native, id=80460, stack(0x00000085dbb00000,0x00000085dbc00000) (1024K)]
  0x000001ceba5763a0 JavaThread "Common-Cleaner"             daemon [_thread_blocked, id=59684, stack(0x00000085dbc00000,0x00000085dbd00000) (1024K)]
  0x000001ceba5bb490 JavaThread "IntelliJ Suspend Helper"    daemon [_thread_blocked, id=84764, stack(0x00000085dbd00000,0x00000085dbe00000) (1024K)]
  0x000001ceba6d87b0 JavaThread "Notification Thread"        daemon [_thread_blocked, id=84804, stack(0x00000085dbe00000,0x00000085dbf00000) (1024K)]
  0x000001ce80d2f5c0 JavaThread "Thread-0"                   daemon [_thread_in_native, id=34248, stack(0x00000085dc700000,0x00000085dc800000) (1024K)]
  0x000001ce80d328f0 JavaThread "Thread-1"                   daemon [_thread_in_native, id=71668, stack(0x00000085dc800000,0x00000085dc900000) (1024K)]
  0x000001ce80d33040 JavaThread "Thread-2"                   daemon [_thread_in_native, id=69476, stack(0x00000085dc900000,0x00000085dca00000) (1024K)]
  0x000001ce80d33790 JavaThread "Thread-3"                   daemon [_thread_in_native, id=81788, stack(0x00000085dca00000,0x00000085dcb00000) (1024K)]
  0x000001ce80d30460 JavaThread "Thread-4"                   daemon [_thread_in_native, id=82272, stack(0x00000085dcb00000,0x00000085dcc00000) (1024K)]
  0x000001ce80d31300 JavaThread "Thread-5"                   daemon [_thread_in_native, id=72856, stack(0x00000085dcc00000,0x00000085dcd00000) (1024K)]
  0x000001ce80d33ee0 JavaThread "Thread-6"                   daemon [_thread_in_native, id=61536, stack(0x00000085dcd00000,0x00000085dce00000) (1024K)]
  0x000001ce80d31a50 JavaThread "Thread-7"                   daemon [_thread_in_native, id=74832, stack(0x00000085dce00000,0x00000085dcf00000) (1024K)]
  0x000001ce80d30bb0 JavaThread "Thread-8"                   daemon [_thread_in_native, id=81064, stack(0x00000085dcf00000,0x00000085dd000000) (1024K)]
  0x000001ce816dc820 JavaThread "Thread-12"                  daemon [_thread_blocked, id=58904, stack(0x00000085dbf00000,0x00000085dc000000) (1024K)]
  0x000001ce816db230 JavaThread "Thread-13"                  daemon [_thread_blocked, id=81112, stack(0x00000085dd000000,0x00000085dd100000) (1024K)]
  0x000001ce816dcf70 JavaThread "testcontainers-ryuk"        daemon [_thread_blocked, id=46108, stack(0x00000085db800000,0x00000085db900000) (1024K)]
  0x000001ce87d3fcc0 JavaThread "BufferPoolPruner-1-thread-1" daemon [_thread_blocked, id=78340, stack(0x00000085dd400000,0x00000085dd500000) (1024K)]
  0x000001ce87d428a0 JavaThread "cluster-ClusterId{value='6834810b4667122f5b15e0e4', description='null'}-localhost:49704" daemon [_thread_in_native, id=64672, stack(0x00000085dd600000,0x00000085dd700000) (1024K)]
  0x000001ce87d42150 JavaThread "cluster-rtt-ClusterId{value='6834810b4667122f5b15e0e4', description='null'}-localhost:49704" daemon [_thread_blocked, id=83152, stack(0x00000085dd700000,0x00000085dd800000) (1024K)]
  0x000001ce87d42ff0 JavaThread "MaintenanceTimer-2-thread-1" daemon [_thread_blocked, id=13084, stack(0x00000085dd800000,0x00000085dd900000) (1024K)]
Total: 31

Other Threads:
  0x000001ceba2aeaa0 VMThread "VM Thread"                           [id=83072, stack(0x00000085daf00000,0x00000085db000000) (1024K)]
  0x000001ceba168970 WatcherThread "VM Periodic Task Thread"        [id=61116, stack(0x00000085dae00000,0x00000085daf00000) (1024K)]
  0x000001ce9c4e0aa0 WorkerThread "GC Thread#0"                     [id=58660, stack(0x00000085da900000,0x00000085daa00000) (1024K)]
  0x000001ce80fca5c0 WorkerThread "GC Thread#1"                     [id=70240, stack(0x00000085dc000000,0x00000085dc100000) (1024K)]
  0x000001ce80fcb830 WorkerThread "GC Thread#2"                     [id=78456, stack(0x00000085dc100000,0x00000085dc200000) (1024K)]
  0x000001ce80fca970 WorkerThread "GC Thread#3"                     [id=47612, stack(0x00000085dc200000,0x00000085dc300000) (1024K)]
  0x000001ce80fc9e60 WorkerThread "GC Thread#4"                     [id=73120, stack(0x00000085dc300000,0x00000085dc400000) (1024K)]
  0x000001ce80fcad20 WorkerThread "GC Thread#5"                     [id=77664, stack(0x00000085dc400000,0x00000085dc500000) (1024K)]
  0x000001ce80fcb0d0 WorkerThread "GC Thread#6"                     [id=65884, stack(0x00000085dc500000,0x00000085dc600000) (1024K)]
  0x000001ce819f9090 WorkerThread "GC Thread#7"                     [id=76104, stack(0x00000085dc600000,0x00000085dc700000) (1024K)]
  0x000001ce9c534320 ConcurrentGCThread "G1 Main Marker"            [id=80584, stack(0x00000085daa00000,0x00000085dab00000) (1024K)]
  0x000001ce9c536b30 WorkerThread "G1 Conc#0"                       [id=62728, stack(0x00000085dab00000,0x00000085dac00000) (1024K)]
  0x000001ce819f9f50 WorkerThread "G1 Conc#1"                       [id=78804, stack(0x00000085dd300000,0x00000085dd400000) (1024K)]
  0x000001ce9c5be010 ConcurrentGCThread "G1 Refine#0"               [id=82856, stack(0x00000085dac00000,0x00000085dad00000) (1024K)]
  0x000001ce9c5be940 ConcurrentGCThread "G1 Service"                [id=60444, stack(0x00000085dad00000,0x00000085dae00000) (1024K)]
Total: 15

Threads with active compile tasks:
Total: 0

VM state: not at safepoint (normal execution)

VM Mutex/Monitor currently owned by a thread: None

Heap address: 0x0000000082c00000, size: 2004 MB, Compressed Oops mode: 32-bit

CDS archive(s) mapped at: [0x000001cebb000000-0x000001cebbd40000-0x000001cebbd40000), size 13893632, SharedBaseAddress: 0x000001cebb000000, ArchiveRelocationMode: 1.
Compressed class space mapped at: 0x000001cebc000000-0x000001cefc000000, reserved size: 1073741824
UseCompressedClassPointers 1, UseCompactObjectHeaders 0
Narrow klass pointer bits 32, Max shift 3
Narrow klass base: 0x000001cebb000000, Narrow klass shift: 0
Encoding Range: [0x000001cebb000000 - 0x000001cfbb000000), (4294967296 bytes)
Klass Range:    [0x000001cebb000000 - 0x000001cefc000000), (1090519040 bytes)
Klass ID Range:  [8 - 1090519033) (1090519025)

GC Precious Log:
 CardTable entry size: 512
 Card Set container configuration: InlinePtr #cards 5 size 8 Array Of Cards #cards 10 size 36 Howl #buckets 4 coarsen threshold 1843 Howl Bitmap #cards 512 size 80 coarsen threshold 460 Card regions per heap region 1 cards per card region 2048
 CPUs: 8 total, 8 available
 Memory: 8013M
 Large Page Support: Disabled
 NUMA Support: Disabled
 Compressed Oops: Enabled (32-bit)
 Heap Region Size: 1M
 Heap Min Capacity: 8M
 Heap Initial Capacity: 126M
 Heap Max Capacity: 2004M
 Pre-touch: Disabled
 Parallel Workers: 8
 Concurrent Workers: 2
 Concurrent Refinement Workers: 8
 Periodic GC: Disabled

Heap:
 garbage-first heap   total reserved 2052096K, committed 81920K, used 64409K [0x0000000082c00000, 0x0000000100000000)
  region size 1024K, 37 young (37888K), 5 survivors (5120K)
 Metaspace       used 65244K, committed 65792K, reserved 1114112K
  class space    used 7167K, committed 7424K, reserved 1048576K

Heap Regions: E=young(eden), S=young(survivor), O=old, HS=humongous(starts), HC=humongous(continues), CS=collection set, F=free, TAMS=top-at-mark-start, PB=parsable bottom
|   0|0x0000000082c00000, 0x0000000082d00000, 0x0000000082d00000|100%|HS|  |TAMS 0x0000000082c00000| PB 0x0000000082c00000| Complete |  0
|   1|0x0000000082d00000, 0x0000000082e00000, 0x0000000082e00000|100%|HS|  |TAMS 0x0000000082d00000| PB 0x0000000082d00000| Complete |  0
|   2|0x0000000082e00000, 0x0000000082f00000, 0x0000000082f00000|100%|HC|  |TAMS 0x0000000082e00000| PB 0x0000000082e00000| Complete |  0
|   3|0x0000000082f00000, 0x0000000083000000, 0x0000000083000000|100%| O|  |TAMS 0x0000000082f00000| PB 0x0000000082f00000| Untracked |  0
|   4|0x0000000083000000, 0x0000000083100000, 0x0000000083100000|100%| O|  |TAMS 0x0000000083000000| PB 0x0000000083000000| Untracked |  0
|   5|0x0000000083100000, 0x0000000083200000, 0x0000000083200000|100%| O|  |TAMS 0x0000000083100000| PB 0x0000000083100000| Untracked |  0
|   6|0x0000000083200000, 0x0000000083300000, 0x0000000083300000|100%| O|  |TAMS 0x0000000083200000| PB 0x0000000083200000| Untracked |  0
|   7|0x0000000083300000, 0x0000000083400000, 0x0000000083400000|100%| O|  |TAMS 0x0000000083300000| PB 0x0000000083300000| Untracked |  0
|   8|0x0000000083400000, 0x0000000083500000, 0x0000000083500000|100%| O|  |TAMS 0x0000000083400000| PB 0x0000000083400000| Untracked |  0
|   9|0x0000000083500000, 0x0000000083600000, 0x0000000083600000|100%| O|  |TAMS 0x0000000083500000| PB 0x0000000083500000| Untracked |  0
|  10|0x0000000083600000, 0x0000000083700000, 0x0000000083700000|100%| O|  |TAMS 0x0000000083600000| PB 0x0000000083600000| Untracked |  0
|  11|0x0000000083700000, 0x0000000083800000, 0x0000000083800000|100%| O|  |TAMS 0x0000000083700000| PB 0x0000000083700000| Untracked |  0
|  12|0x0000000083800000, 0x0000000083900000, 0x0000000083900000|100%| O|  |TAMS 0x0000000083800000| PB 0x0000000083800000| Untracked |  0
|  13|0x0000000083900000, 0x0000000083a00000, 0x0000000083a00000|100%| O|  |TAMS 0x0000000083900000| PB 0x0000000083900000| Untracked |  0
|  14|0x0000000083a00000, 0x0000000083b00000, 0x0000000083b00000|100%| O|  |TAMS 0x0000000083a00000| PB 0x0000000083a00000| Untracked |  0
|  15|0x0000000083b00000, 0x0000000083c00000, 0x0000000083c00000|100%| O|  |TAMS 0x0000000083b00000| PB 0x0000000083b00000| Untracked |  0
|  16|0x0000000083c00000, 0x0000000083d00000, 0x0000000083d00000|100%| O|  |TAMS 0x0000000083c00000| PB 0x0000000083c00000| Untracked |  0
|  17|0x0000000083d00000, 0x0000000083e00000, 0x0000000083e00000|100%| O|  |TAMS 0x0000000083d00000| PB 0x0000000083d00000| Untracked |  0
|  18|0x0000000083e00000, 0x0000000083f00000, 0x0000000083f00000|100%| O|  |TAMS 0x0000000083e00000| PB 0x0000000083e00000| Untracked |  0
|  19|0x0000000083f00000, 0x0000000084000000, 0x0000000084000000|100%| O|  |TAMS 0x0000000083f00000| PB 0x0000000083f00000| Untracked |  0
|  20|0x0000000084000000, 0x0000000084100000, 0x0000000084100000|100%| O|  |TAMS 0x0000000084000000| PB 0x0000000084000000| Untracked |  0
|  21|0x0000000084100000, 0x0000000084200000, 0x0000000084200000|100%| O|  |TAMS 0x0000000084100000| PB 0x0000000084100000| Untracked |  0
|  22|0x0000000084200000, 0x0000000084300000, 0x0000000084300000|100%| O|Cm|TAMS 0x0000000084200000| PB 0x0000000084200000| Complete |  0
|  23|0x0000000084300000, 0x0000000084400000, 0x0000000084400000|100%| O|  |TAMS 0x0000000084300000| PB 0x0000000084300000| Untracked |  0
|  24|0x0000000084400000, 0x0000000084500000, 0x0000000084500000|100%| O|  |TAMS 0x0000000084400000| PB 0x0000000084400000| Untracked |  0
|  25|0x0000000084500000, 0x0000000084600000, 0x0000000084600000|100%| O|  |TAMS 0x0000000084500000| PB 0x0000000084500000| Untracked |  0
|  26|0x0000000084600000, 0x000000008467cab0, 0x0000000084700000| 48%| O|  |TAMS 0x0000000084600000| PB 0x0000000084600000| Untracked |  0
|  27|0x0000000084700000, 0x0000000084700000, 0x0000000084800000|  0%| F|  |TAMS 0x0000000084700000| PB 0x0000000084700000| Untracked |  0
|  28|0x0000000084800000, 0x0000000084800000, 0x0000000084900000|  0%| F|  |TAMS 0x0000000084800000| PB 0x0000000084800000| Untracked |  0
|  29|0x0000000084900000, 0x0000000084900000, 0x0000000084a00000|  0%| F|  |TAMS 0x0000000084900000| PB 0x0000000084900000| Untracked |  0
|  30|0x0000000084a00000, 0x0000000084a00000, 0x0000000084b00000|  0%| F|  |TAMS 0x0000000084a00000| PB 0x0000000084a00000| Untracked |  0
|  31|0x0000000084b00000, 0x0000000084b00000, 0x0000000084c00000|  0%| F|  |TAMS 0x0000000084b00000| PB 0x0000000084b00000| Untracked |  0
|  32|0x0000000084c00000, 0x0000000084c00000, 0x0000000084d00000|  0%| F|  |TAMS 0x0000000084c00000| PB 0x0000000084c00000| Untracked |  0
|  33|0x0000000084d00000, 0x0000000084d00000, 0x0000000084e00000|  0%| F|  |TAMS 0x0000000084d00000| PB 0x0000000084d00000| Untracked |  0
|  34|0x0000000084e00000, 0x0000000084e00000, 0x0000000084f00000|  0%| F|  |TAMS 0x0000000084e00000| PB 0x0000000084e00000| Untracked |  0
|  35|0x0000000084f00000, 0x0000000084f00000, 0x0000000085000000|  0%| F|  |TAMS 0x0000000084f00000| PB 0x0000000084f00000| Untracked |  0
|  36|0x0000000085000000, 0x0000000085000000, 0x0000000085100000|  0%| F|  |TAMS 0x0000000085000000| PB 0x0000000085000000| Untracked |  0
|  37|0x0000000085100000, 0x0000000085100000, 0x0000000085200000|  0%| F|  |TAMS 0x0000000085100000| PB 0x0000000085100000| Untracked |  0
|  38|0x0000000085200000, 0x0000000085200000, 0x0000000085300000|  0%| F|  |TAMS 0x0000000085200000| PB 0x0000000085200000| Untracked |  0
|  39|0x0000000085300000, 0x0000000085300000, 0x0000000085400000|  0%| F|  |TAMS 0x0000000085300000| PB 0x0000000085300000| Untracked |  0
|  40|0x0000000085400000, 0x0000000085400000, 0x0000000085500000|  0%| F|  |TAMS 0x0000000085400000| PB 0x0000000085400000| Untracked |  0
|  41|0x0000000085500000, 0x00000000855699f0, 0x0000000085600000| 41%| S|CS|TAMS 0x0000000085500000| PB 0x0000000085500000| Complete |  0
|  42|0x0000000085600000, 0x0000000085700000, 0x0000000085700000|100%| S|CS|TAMS 0x0000000085600000| PB 0x0000000085600000| Complete |  0
|  43|0x0000000085700000, 0x0000000085800000, 0x0000000085800000|100%| S|CS|TAMS 0x0000000085700000| PB 0x0000000085700000| Complete |  0
|  44|0x0000000085800000, 0x0000000085900000, 0x0000000085900000|100%| S|CS|TAMS 0x0000000085800000| PB 0x0000000085800000| Complete |  0
|  45|0x0000000085900000, 0x0000000085a00000, 0x0000000085a00000|100%| S|CS|TAMS 0x0000000085900000| PB 0x0000000085900000| Complete |  0
|  46|0x0000000085a00000, 0x0000000085a00000, 0x0000000085b00000|  0%| F|  |TAMS 0x0000000085a00000| PB 0x0000000085a00000| Untracked |  0
|  47|0x0000000085b00000, 0x0000000085c00000, 0x0000000085c00000|100%| E|  |TAMS 0x0000000085b00000| PB 0x0000000085b00000| Complete |  0
|  48|0x0000000085c00000, 0x0000000085d00000, 0x0000000085d00000|100%| E|CS|TAMS 0x0000000085c00000| PB 0x0000000085c00000| Complete |  0
|  49|0x0000000085d00000, 0x0000000085e00000, 0x0000000085e00000|100%| E|CS|TAMS 0x0000000085d00000| PB 0x0000000085d00000| Complete |  0
|  50|0x0000000085e00000, 0x0000000085f00000, 0x0000000085f00000|100%| E|CS|TAMS 0x0000000085e00000| PB 0x0000000085e00000| Complete |  0
|  51|0x0000000085f00000, 0x0000000086000000, 0x0000000086000000|100%| E|CS|TAMS 0x0000000085f00000| PB 0x0000000085f00000| Complete |  0
|  52|0x0000000086000000, 0x0000000086100000, 0x0000000086100000|100%| E|CS|TAMS 0x0000000086000000| PB 0x0000000086000000| Complete |  0
|  53|0x0000000086100000, 0x0000000086200000, 0x0000000086200000|100%| E|CS|TAMS 0x0000000086100000| PB 0x0000000086100000| Complete |  0
|  54|0x0000000086200000, 0x0000000086300000, 0x0000000086300000|100%| E|CS|TAMS 0x0000000086200000| PB 0x0000000086200000| Complete |  0
|  55|0x0000000086300000, 0x0000000086400000, 0x0000000086400000|100%| E|CS|TAMS 0x0000000086300000| PB 0x0000000086300000| Complete |  0
|  56|0x0000000086400000, 0x0000000086500000, 0x0000000086500000|100%| E|CS|TAMS 0x0000000086400000| PB 0x0000000086400000| Complete |  0
|  57|0x0000000086500000, 0x0000000086600000, 0x0000000086600000|100%| E|CS|TAMS 0x0000000086500000| PB 0x0000000086500000| Complete |  0
|  58|0x0000000086600000, 0x0000000086700000, 0x0000000086700000|100%| E|CS|TAMS 0x0000000086600000| PB 0x0000000086600000| Complete |  0
|  59|0x0000000086700000, 0x0000000086800000, 0x0000000086800000|100%| E|CS|TAMS 0x0000000086700000| PB 0x0000000086700000| Complete |  0
|  60|0x0000000086800000, 0x0000000086900000, 0x0000000086900000|100%| E|CS|TAMS 0x0000000086800000| PB 0x0000000086800000| Complete |  0
|  61|0x0000000086900000, 0x0000000086a00000, 0x0000000086a00000|100%| E|CS|TAMS 0x0000000086900000| PB 0x0000000086900000| Complete |  0
|  62|0x0000000086a00000, 0x0000000086b00000, 0x0000000086b00000|100%| E|CS|TAMS 0x0000000086a00000| PB 0x0000000086a00000| Complete |  0
|  63|0x0000000086b00000, 0x0000000086c00000, 0x0000000086c00000|100%| E|CS|TAMS 0x0000000086b00000| PB 0x0000000086b00000| Complete |  0
|  64|0x0000000086c00000, 0x0000000086d00000, 0x0000000086d00000|100%| E|CS|TAMS 0x0000000086c00000| PB 0x0000000086c00000| Complete |  0
|  65|0x0000000086d00000, 0x0000000086e00000, 0x0000000086e00000|100%| E|CS|TAMS 0x0000000086d00000| PB 0x0000000086d00000| Complete |  0
|  66|0x0000000086e00000, 0x0000000086f00000, 0x0000000086f00000|100%| E|CS|TAMS 0x0000000086e00000| PB 0x0000000086e00000| Complete |  0
|  67|0x0000000086f00000, 0x0000000087000000, 0x0000000087000000|100%| E|CS|TAMS 0x0000000086f00000| PB 0x0000000086f00000| Complete |  0
|  68|0x0000000087000000, 0x0000000087100000, 0x0000000087100000|100%| E|CS|TAMS 0x0000000087000000| PB 0x0000000087000000| Complete |  0
|  69|0x0000000087100000, 0x0000000087200000, 0x0000000087200000|100%| E|CS|TAMS 0x0000000087100000| PB 0x0000000087100000| Complete |  0
|  70|0x0000000087200000, 0x0000000087300000, 0x0000000087300000|100%| E|CS|TAMS 0x0000000087200000| PB 0x0000000087200000| Complete |  0
|  71|0x0000000087300000, 0x0000000087400000, 0x0000000087400000|100%| E|CS|TAMS 0x0000000087300000| PB 0x0000000087300000| Complete |  0
|  72|0x0000000087400000, 0x0000000087500000, 0x0000000087500000|100%| E|CS|TAMS 0x0000000087400000| PB 0x0000000087400000| Complete |  0
|  79|0x0000000087b00000, 0x0000000087c00000, 0x0000000087c00000|100%| E|CS|TAMS 0x0000000087b00000| PB 0x0000000087b00000| Complete |  0
|  80|0x0000000087c00000, 0x0000000087d00000, 0x0000000087d00000|100%| E|CS|TAMS 0x0000000087c00000| PB 0x0000000087c00000| Complete |  0
|  81|0x0000000087d00000, 0x0000000087e00000, 0x0000000087e00000|100%| E|CS|TAMS 0x0000000087d00000| PB 0x0000000087d00000| Complete |  0
|  82|0x0000000087e00000, 0x0000000087f00000, 0x0000000087f00000|100%| E|CS|TAMS 0x0000000087e00000| PB 0x0000000087e00000| Complete |  0
| 125|0x000000008a900000, 0x000000008aa00000, 0x000000008aa00000|100%| E|CS|TAMS 0x000000008a900000| PB 0x000000008a900000| Complete |  0
|2002|0x00000000ffe00000, 0x00000000fff00000, 0x00000000fff00000|100%| O|  |TAMS 0x00000000ffe00000| PB 0x00000000ffe00000| Untracked |  0
|2003|0x00000000fff00000, 0x0000000100000000, 0x0000000100000000|100%| E|CS|TAMS 0x00000000fff00000| PB 0x00000000fff00000| Complete |  0

Card table byte_map: [0x000001ceb55a0000,0x000001ceb5990000] _byte_map_base: 0x000001ceb518a000

Marking Bits: (CMBitMap*) 0x000001ce9c4e10c0
 Bits: [0x000001ceb5990000, 0x000001ceb78e0000)

Polling page: 0x000001ce9a660000

Metaspace:

Usage:
  Non-class:     56.72 MB used.
      Class:      7.00 MB used.
       Both:     63.72 MB used.

Virtual space:
  Non-class space:       64.00 MB reserved,      57.00 MB ( 89%) committed,  1 nodes.
      Class space:        1.00 GB reserved,       7.25 MB ( <1%) committed,  1 nodes.
             Both:        1.06 GB reserved,      64.25 MB (  6%) committed. 

Chunk freelists:
   Non-Class:  6.70 MB
       Class:  8.62 MB
        Both:  15.33 MB

MaxMetaspaceSize: unlimited
CompressedClassSpaceSize: 1.00 GB
Initial GC threshold: 21.00 MB
Current GC threshold: 98.69 MB
CDS: on
 - commit_granule_bytes: 65536.
 - commit_granule_words: 8192.
 - virtual_space_node_default_size: 8388608.
 - enlarge_chunks_in_place: 1.
UseCompressedClassPointers 1, UseCompactObjectHeaders 0
Narrow klass pointer bits 32, Max shift 3
Narrow klass base: 0x000001cebb000000, Narrow klass shift: 0
Encoding Range: [0x000001cebb000000 - 0x000001cfbb000000), (4294967296 bytes)
Klass Range:    [0x000001cebb000000 - 0x000001cefc000000), (1090519040 bytes)
Klass ID Range:  [8 - 1090519033) (1090519025)


Internal statistics:

num_allocs_failed_limit: 11.
num_arena_births: 644.
num_arena_deaths: 0.
num_vsnodes_births: 2.
num_vsnodes_deaths: 0.
num_space_committed: 1028.
num_space_uncommitted: 0.
num_chunks_returned_to_freelist: 11.
num_chunks_taken_from_freelist: 2784.
num_chunk_merges: 11.
num_chunk_splits: 2009.
num_chunks_enlarged: 1675.
num_inconsistent_stats: 0.

CodeHeap 'non-profiled nmethods': size=120064Kb used=3384Kb max_used=3397Kb free=116679Kb
 bounds [0x000001cead3f0000, 0x000001cead750000, 0x000001ceb4930000]
CodeHeap 'profiled nmethods': size=120000Kb used=10535Kb max_used=10535Kb free=109464Kb
 bounds [0x000001cea5930000, 0x000001cea6380000, 0x000001ceace60000]
CodeHeap 'non-nmethods': size=5696Kb used=1577Kb max_used=1665Kb free=4118Kb
 bounds [0x000001ceace60000, 0x000001cead0d0000, 0x000001cead3f0000]
CodeCache: size=245760Kb, used=15496Kb, max_used=15597Kb, free=230261Kb
 total_blobs=6720, nmethods=6043, adapters=582, full_count=0
Compilation: enabled, stopped_count=0, restarted_count=0

Compilation events (20 events):
Event: 38.449 Thread 0x000001ceba2de160 6556       4       java.lang.classfile.ClassBuilder::withMethod (34 bytes)
Event: 38.470 Thread 0x000001ceba2e1870 6559       3       org.springframework.asm.SymbolTable::put (150 bytes)
Event: 38.471 Thread 0x000001ceba2e1870 nmethod 6559 0x000001cea6368508 code [0x000001cea6368660, 0x000001cea6368e78]
Event: 38.471 Thread 0x000001ceba2e1870 6560   !   3       jdk.internal.classfile.impl.ClassReaderImpl::readU2 (37 bytes)
Event: 38.471 Thread 0x000001ceba2e1870 nmethod 6560 0x000001cea6368f08 code [0x000001cea6369040, 0x000001cea6369338]
Event: 38.472 Thread 0x000001ceba2e1870 6561   !   3       jdk.internal.reflect.MethodHandleAccessorFactory::newMethodAccessor (61 bytes)
Event: 38.473 Thread 0x000001ceba2e1870 nmethod 6561 0x000001cea6369388 code [0x000001cea6369600, 0x000001cea636a1b8]
Event: 38.475 Thread 0x000001ceba2de160 nmethod 6556 0x000001cead517d88 code [0x000001cead517f80, 0x000001cead519918]
Event: 38.475 Thread 0x000001ceba2e1870 6562       3       org.springframework.context.event.GenericApplicationListenerAdapter::resolveDeclaredEventType (41 bytes)
Event: 38.475 Thread 0x000001ceba2de160 6558       4       java.util.stream.AbstractPipeline::wrapAndCopyInto (18 bytes)
Event: 38.475 Thread 0x000001ceba2e1870 nmethod 6562 0x000001cea636a208 code [0x000001cea636a380, 0x000001cea636a820]
Event: 38.486 Thread 0x000001ceba2e1870 6563   !   3       java.util.regex.Pattern::<init> (144 bytes)
Event: 38.487 Thread 0x000001ceba2de160 nmethod 6558 0x000001cead517588 code [0x000001cead517720, 0x000001cead517cf8]
Event: 38.488 Thread 0x000001ceba2de160 6557       4       jdk.internal.classfile.impl.DirectClassBuilder::withMethod (29 bytes)
Event: 38.488 Thread 0x000001ceba2e1870 nmethod 6563 0x000001cea636a888 code [0x000001cea636ab20, 0x000001cea636bec8]
Event: 38.503 Thread 0x000001ceba2de160 nmethod 6557 0x000001cead516308 code [0x000001cead516480, 0x000001cead5174a0]
Event: 38.519 Thread 0x000001ceba2de160 6564       4       java.lang.invoke.MethodHandles$Lookup::checkAccess (200 bytes)
Event: 38.525 Thread 0x000001ceba2de160 nmethod 6564 0x000001cead515d88 code [0x000001cead515ec0, 0x000001cead516240]
Event: 38.548 Thread 0x000001ceba2e1870 6565       3       java.util.TreeMap$PrivateEntryIterator::<init> (28 bytes)
Event: 38.549 Thread 0x000001ceba2e1870 nmethod 6565 0x000001cea636bf88 code [0x000001cea636c0a0, 0x000001cea636c2f8]

GC Heap History (20 events):
Event: 4.346 GC heap before
{Heap before GC invocations=0 (full 0):
 garbage-first heap   total reserved 2052096K, committed 131072K, used 52336K [0x0000000082c00000, 0x0000000100000000)
  region size 1024K, 47 young (48128K), 0 survivors (0K)
 Metaspace       used 14326K, committed 14528K, reserved 1114112K
  class space    used 1145K, committed 1280K, reserved 1048576K
}
Event: 4.354 GC heap after
{Heap after GC invocations=1 (full 0):
 garbage-first heap   total reserved 2052096K, committed 131072K, used 11808K [0x0000000082c00000, 0x0000000100000000)
  region size 1024K, 6 young (6144K), 6 survivors (6144K)
 Metaspace       used 14326K, committed 14528K, reserved 1114112K
  class space    used 1145K, committed 1280K, reserved 1048576K
}
Event: 17.463 GC heap before
{Heap before GC invocations=1 (full 0):
 garbage-first heap   total reserved 2052096K, committed 131072K, used 54816K [0x0000000082c00000, 0x0000000100000000)
  region size 1024K, 49 young (50176K), 6 survivors (6144K)
 Metaspace       used 21309K, committed 21504K, reserved 1114112K
  class space    used 1868K, committed 1984K, reserved 1048576K
}
Event: 17.478 GC heap after
{Heap after GC invocations=2 (full 0):
 garbage-first heap   total reserved 2052096K, committed 131072K, used 16853K [0x0000000082c00000, 0x0000000100000000)
  region size 1024K, 5 young (5120K), 5 survivors (5120K)
 Metaspace       used 21309K, committed 21504K, reserved 1114112K
  class space    used 1868K, committed 1984K, reserved 1048576K
}
Event: 19.163 GC heap before
{Heap before GC invocations=3 (full 0):
 garbage-first heap   total reserved 2052096K, committed 61440K, used 59861K [0x0000000082c00000, 0x0000000100000000)
  region size 1024K, 47 young (48128K), 5 survivors (5120K)
 Metaspace       used 29458K, committed 29696K, reserved 1114112K
  class space    used 2721K, committed 2816K, reserved 1048576K
}
Event: 19.177 GC heap after
{Heap after GC invocations=4 (full 0):
 garbage-first heap   total reserved 2052096K, committed 67584K, used 18284K [0x0000000082c00000, 0x0000000100000000)
  region size 1024K, 6 young (6144K), 6 survivors (6144K)
 Metaspace       used 29458K, committed 29696K, reserved 1114112K
  class space    used 2721K, committed 2816K, reserved 1048576K
}
Event: 20.147 GC heap before
{Heap before GC invocations=4 (full 0):
 garbage-first heap   total reserved 2052096K, committed 67584K, used 46956K [0x0000000082c00000, 0x0000000100000000)
  region size 1024K, 35 young (35840K), 6 survivors (6144K)
 Metaspace       used 35099K, committed 35392K, reserved 1114112K
  class space    used 3465K, committed 3584K, reserved 1048576K
}
Event: 20.159 GC heap after
{Heap after GC invocations=5 (full 0):
 garbage-first heap   total reserved 2052096K, committed 67584K, used 20097K [0x0000000082c00000, 0x0000000100000000)
  region size 1024K, 4 young (4096K), 4 survivors (4096K)
 Metaspace       used 35099K, committed 35392K, reserved 1114112K
  class space    used 3465K, committed 3584K, reserved 1048576K
}
Event: 20.230 GC heap before
{Heap before GC invocations=5 (full 0):
 garbage-first heap   total reserved 2052096K, committed 67584K, used 23169K [0x0000000082c00000, 0x0000000100000000)
  region size 1024K, 8 young (8192K), 4 survivors (4096K)
 Metaspace       used 35765K, committed 35968K, reserved 1114112K
  class space    used 3560K, committed 3648K, reserved 1048576K
}
Event: 20.236 GC heap after
{Heap after GC invocations=6 (full 0):
 garbage-first heap   total reserved 2052096K, committed 67584K, used 20536K [0x0000000082c00000, 0x0000000100000000)
  region size 1024K, 3 young (3072K), 3 survivors (3072K)
 Metaspace       used 35765K, committed 35968K, reserved 1114112K
  class space    used 3560K, committed 3648K, reserved 1048576K
}
Event: 21.208 GC heap before
{Heap before GC invocations=7 (full 0):
 garbage-first heap   total reserved 2052096K, committed 67584K, used 51256K [0x0000000082c00000, 0x0000000100000000)
  region size 1024K, 34 young (34816K), 3 survivors (3072K)
 Metaspace       used 41170K, committed 41472K, reserved 1114112K
  class space    used 4084K, committed 4224K, reserved 1048576K
}
Event: 21.219 GC heap after
{Heap after GC invocations=8 (full 0):
 garbage-first heap   total reserved 2052096K, committed 67584K, used 23829K [0x0000000082c00000, 0x0000000100000000)
  region size 1024K, 5 young (5120K), 5 survivors (5120K)
 Metaspace       used 41170K, committed 41472K, reserved 1114112K
  class space    used 4084K, committed 4224K, reserved 1048576K
}
Event: 22.336 GC heap before
{Heap before GC invocations=8 (full 0):
 garbage-first heap   total reserved 2052096K, committed 67584K, used 54549K [0x0000000082c00000, 0x0000000100000000)
  region size 1024K, 35 young (35840K), 5 survivors (5120K)
 Metaspace       used 45192K, committed 45504K, reserved 1114112K
  class space    used 4536K, committed 4672K, reserved 1048576K
}
Event: 22.356 GC heap after
{Heap after GC invocations=9 (full 0):
 garbage-first heap   total reserved 2052096K, committed 67584K, used 25594K [0x0000000082c00000, 0x0000000100000000)
  region size 1024K, 3 young (3072K), 3 survivors (3072K)
 Metaspace       used 45192K, committed 45504K, reserved 1114112K
  class space    used 4536K, committed 4672K, reserved 1048576K
}
Event: 23.267 GC heap before
{Heap before GC invocations=9 (full 0):
 garbage-first heap   total reserved 2052096K, committed 67584K, used 55290K [0x0000000082c00000, 0x0000000100000000)
  region size 1024K, 32 young (32768K), 3 survivors (3072K)
 Metaspace       used 50078K, committed 50432K, reserved 1114112K
  class space    used 5204K, committed 5376K, reserved 1048576K
}
Event: 23.284 GC heap after
{Heap after GC invocations=10 (full 0):
 garbage-first heap   total reserved 2052096K, committed 67584K, used 27926K [0x0000000082c00000, 0x0000000100000000)
  region size 1024K, 3 young (3072K), 3 survivors (3072K)
 Metaspace       used 50078K, committed 50432K, reserved 1114112K
  class space    used 5204K, committed 5376K, reserved 1048576K
}
Event: 24.306 GC heap before
{Heap before GC invocations=10 (full 0):
 garbage-first heap   total reserved 2052096K, committed 67584K, used 55574K [0x0000000082c00000, 0x0000000100000000)
  region size 1024K, 31 young (31744K), 3 survivors (3072K)
 Metaspace       used 54066K, committed 54528K, reserved 1114112K
  class space    used 5696K, committed 5888K, reserved 1048576K
}
Event: 24.318 GC heap after
{Heap after GC invocations=11 (full 0):
 garbage-first heap   total reserved 2052096K, committed 81920K, used 30429K [0x0000000082c00000, 0x0000000100000000)
  region size 1024K, 3 young (3072K), 3 survivors (3072K)
 Metaspace       used 54066K, committed 54528K, reserved 1114112K
  class space    used 5696K, committed 5888K, reserved 1048576K
}
Event: 26.951 GC heap before
{Heap before GC invocations=11 (full 0):
 garbage-first heap   total reserved 2052096K, committed 81920K, used 63197K [0x0000000082c00000, 0x0000000100000000)
  region size 1024K, 36 young (36864K), 3 survivors (3072K)
 Metaspace       used 59937K, committed 60416K, reserved 1114112K
  class space    used 6368K, committed 6592K, reserved 1048576K
}
Event: 26.965 GC heap after
{Heap after GC invocations=12 (full 0):
 garbage-first heap   total reserved 2052096K, committed 81920K, used 32665K [0x0000000082c00000, 0x0000000100000000)
  region size 1024K, 5 young (5120K), 5 survivors (5120K)
 Metaspace       used 59937K, committed 60416K, reserved 1114112K
  class space    used 6368K, committed 6592K, reserved 1048576K
}

Dll operation events (15 events):
Event: 0.155 Loaded shared library C:\Users\luizh\.jdks\openjdk-24.0.1\bin\java.dll
Event: 0.158 Loaded shared library C:\Users\luizh\.jdks\openjdk-24.0.1\bin\zip.dll
Event: 0.206 Loaded shared library C:\Users\luizh\.jdks\openjdk-24.0.1\bin\jsvml.dll
Event: 0.515 Loaded shared library C:\Users\luizh\.jdks\openjdk-24.0.1\bin\instrument.dll
Event: 0.665 Loaded shared library C:\Users\luizh\.jdks\openjdk-24.0.1\bin\net.dll
Event: 0.668 Loaded shared library C:\Users\luizh\.jdks\openjdk-24.0.1\bin\nio.dll
Event: 0.694 Loaded shared library C:\Users\luizh\.jdks\openjdk-24.0.1\bin\zip.dll
Event: 0.976 Loaded shared library C:\Users\luizh\.jdks\openjdk-24.0.1\bin\jimage.dll
Event: 1.186 Loaded shared library C:\Users\luizh\.jdks\openjdk-24.0.1\bin\verify.dll
Event: 5.435 Loaded shared library C:\Users\luizh\.jdks\openjdk-24.0.1\bin\extnet.dll
Event: 20.817 Loaded shared library C:\Users\luizh\.jdks\openjdk-24.0.1\bin\sunmscapi.dll
Event: 25.133 Loaded shared library C:\Users\luizh\.jdks\openjdk-24.0.1\bin\management.dll
Event: 25.138 Loaded shared library C:\Users\luizh\.jdks\openjdk-24.0.1\bin\management_ext.dll
Event: 26.326 Loaded shared library C:\Users\luizh\.jdks\openjdk-24.0.1\bin\instrument.dll
Event: 38.446 Loaded shared library C:\Users\luizh\AppData\Local\Temp\idea_libasyncProfiler_dll_temp_folder9\libasyncProfiler.dll

Deoptimization events (20 events):
Event: 38.348 Thread 0x000001ce9c94e890 DEOPT PACKING pc=0x000001cea61d0204 sp=0x00000085da8fb0b0
Event: 38.348 Thread 0x000001ce9c94e890 DEOPT UNPACKING pc=0x000001ceaceb5722 sp=0x00000085da8fa5a8 mode 1
Event: 38.470 Thread 0x000001ce9c94e890 DEOPT PACKING pc=0x000001cea5ab9f5c sp=0x00000085da8faf70
Event: 38.470 Thread 0x000001ce9c94e890 DEOPT UNPACKING pc=0x000001ceaceb5722 sp=0x00000085da8fa4a0 mode 1
Event: 38.476 Thread 0x000001ce9c94e890 Uncommon trap: trap_request=0xffffffd6 fr.pc=0x000001cead518c80 relative=0x0000000000000d00
Event: 38.476 Thread 0x000001ce9c94e890 Uncommon trap: reason=array_check action=maybe_recompile pc=0x000001cead518c80 method=jdk.internal.classfile.impl.DirectClassBuilder.withMethod(Ljdk/internal/classfile/impl/Util$Writable;)Ljava/lang/classfile/ClassBuilder; @ 51 c2
Event: 38.476 Thread 0x000001ce9c94e890 DEOPT PACKING pc=0x000001cead518c80 sp=0x00000085da8f9f80
Event: 38.476 Thread 0x000001ce9c94e890 DEOPT UNPACKING pc=0x000001ceacf87d02 sp=0x00000085da8f9e98 mode 2
Event: 38.476 Thread 0x000001ce9c94e890 Uncommon trap: trap_request=0xffffffd6 fr.pc=0x000001cead518c80 relative=0x0000000000000d00
Event: 38.476 Thread 0x000001ce9c94e890 Uncommon trap: reason=array_check action=maybe_recompile pc=0x000001cead518c80 method=jdk.internal.classfile.impl.DirectClassBuilder.withMethod(Ljdk/internal/classfile/impl/Util$Writable;)Ljava/lang/classfile/ClassBuilder; @ 51 c2
Event: 38.476 Thread 0x000001ce9c94e890 DEOPT PACKING pc=0x000001cead518c80 sp=0x00000085da8fa010
Event: 38.476 Thread 0x000001ce9c94e890 DEOPT UNPACKING pc=0x000001ceacf87d02 sp=0x00000085da8f9f28 mode 2
Event: 38.481 Thread 0x000001ce9c94e890 Uncommon trap: trap_request=0xffffffd6 fr.pc=0x000001cead518c80 relative=0x0000000000000d00
Event: 38.481 Thread 0x000001ce9c94e890 Uncommon trap: reason=array_check action=maybe_recompile pc=0x000001cead518c80 method=jdk.internal.classfile.impl.DirectClassBuilder.withMethod(Ljdk/internal/classfile/impl/Util$Writable;)Ljava/lang/classfile/ClassBuilder; @ 51 c2
Event: 38.481 Thread 0x000001ce9c94e890 DEOPT PACKING pc=0x000001cead518c80 sp=0x00000085da8fb700
Event: 38.481 Thread 0x000001ce9c94e890 DEOPT UNPACKING pc=0x000001ceacf87d02 sp=0x00000085da8fb618 mode 2
Event: 38.481 Thread 0x000001ce9c94e890 Uncommon trap: trap_request=0xffffffd6 fr.pc=0x000001cead518c80 relative=0x0000000000000d00
Event: 38.481 Thread 0x000001ce9c94e890 Uncommon trap: reason=array_check action=maybe_recompile pc=0x000001cead518c80 method=jdk.internal.classfile.impl.DirectClassBuilder.withMethod(Ljdk/internal/classfile/impl/Util$Writable;)Ljava/lang/classfile/ClassBuilder; @ 51 c2
Event: 38.481 Thread 0x000001ce9c94e890 DEOPT PACKING pc=0x000001cead518c80 sp=0x00000085da8fb790
Event: 38.481 Thread 0x000001ce9c94e890 DEOPT UNPACKING pc=0x000001ceacf87d02 sp=0x00000085da8fb6a8 mode 2

Classes loaded (20 events):
Event: 38.555 Loading class io/micrometer/observation/ObservationConvention
Event: 38.555 Loading class io/micrometer/observation/ObservationConvention done
Event: 38.556 Loading class io/micrometer/observation/KeyValuesConvention
Event: 38.556 Loading class io/micrometer/observation/KeyValuesConvention done
Event: 38.557 Loading class org/springframework/http/server/observation/ServerRequestObservationConvention
Event: 38.557 Loading class org/springframework/http/server/observation/ServerRequestObservationConvention done
Event: 38.557 Loading class org/springframework/http/server/observation/DefaultServerRequestObservationConvention
Event: 38.557 Loading class org/springframework/http/server/observation/DefaultServerRequestObservationConvention done
Event: 38.559 Loading class io/micrometer/common/docs/KeyName
Event: 38.559 Loading class io/micrometer/common/docs/KeyName done
Event: 38.560 Loading class io/micrometer/observation/ObservationConvention
Event: 38.560 Loading class io/micrometer/observation/ObservationConvention done
Event: 38.560 Loading class io/micrometer/observation/Observation$Context
Event: 38.560 Loading class io/micrometer/observation/Observation$Context done
Event: 38.560 Loading class io/micrometer/observation/Observation$Context
Event: 38.560 Loading class io/micrometer/observation/Observation$Context done
Event: 38.561 Loading class org/springframework/http/server/observation/ServerHttpObservationDocumentation$LowCardinalityKeyNames
Event: 38.561 Loading class org/springframework/http/server/observation/ServerHttpObservationDocumentation$LowCardinalityKeyNames done
Event: 38.561 Loading class org/springframework/http/server/observation/ServerHttpObservationDocumentation$LowCardinalityKeyNames$1
Event: 38.561 Loading class org/springframework/http/server/observation/ServerHttpObservationDocumentation$LowCardinalityKeyNames$1 done

Classes unloaded (0 events):
No events

Classes redefined (1 events):
Event: 0.612 Thread 0x000001ceba2aeaa0 redefined class name=java.lang.Throwable, count=1

Internal exceptions (20 events):
Event: 24.879 Thread 0x000001ce9c94e890 Exception <a 'java/lang/NoSuchMethodError'{0x0000000086a79be0}: 'java.lang.Object java.lang.invoke.DirectMethodHandle$Holder.invokeStatic(java.lang.Object, java.lang.Object, java.lang.Object, java.lang.Object, java.lang.Object, java.lang.Object, java.lang.Object, java.lang.Object, java.lang.Object)'> (0x0000000086a79be0) 
thrown [s\open\src\hotspot\share\interpreter\linkResolver.cpp, line 805]
Event: 25.011 Thread 0x000001ce9c94e890 Implicit null exception at 0x000001cead709b3a to 0x000001cead709ec8
Event: 25.108 Thread 0x000001ce9c94e890 Exception <a 'java/lang/NoSuchMethodError'{0x00000000866e5358}: 'java.lang.Object java.lang.invoke.DirectMethodHandle$Holder.newInvokeSpecial(java.lang.Object, java.lang.Object, int, java.lang.Object, java.lang.Object)'> (0x00000000866e5358) 
thrown [s\open\src\hotspot\share\interpreter\linkResolver.cpp, line 805]
Event: 25.332 Thread 0x000001ce9c94e890 Exception <a 'java/lang/NoSuchMethodError'{0x00000000863ea1b8}: 'long java.lang.invoke.DelegatingMethodHandle$Holder.reinvoke_L(java.lang.Object, java.lang.Object)'> (0x00000000863ea1b8) 
thrown [s\open\src\hotspot\share\interpreter\linkResolver.cpp, line 805]
Event: 27.303 Thread 0x000001ce9c94e890 Implicit null exception at 0x000001cead62bc04 to 0x000001cead62c374
Event: 27.305 Thread 0x000001ce9c94e890 Exception <a 'java/lang/NoSuchMethodError'{0x0000000087387b38}: 'long java.lang.invoke.DelegatingMethodHandle$Holder.reinvoke_L(java.lang.Object, java.lang.Object, java.lang.Object)'> (0x0000000087387b38) 
thrown [s\open\src\hotspot\share\interpreter\linkResolver.cpp, line 805]
Event: 27.315 Thread 0x000001ce9c94e890 Exception <a 'java/lang/NoSuchMethodError'{0x00000000873d05f0}: 'long java.lang.invoke.DirectMethodHandle$Holder.invokeStatic(java.lang.Object, java.lang.Object, int)'> (0x00000000873d05f0) 
thrown [s\open\src\hotspot\share\interpreter\linkResolver.cpp, line 805]
Event: 27.316 Thread 0x000001ce9c94e890 Exception <a 'java/lang/NoSuchMethodError'{0x00000000873e0dd8}: 'long java.lang.invoke.DelegatingMethodHandle$Holder.reinvoke_L(java.lang.Object, java.lang.Object, int)'> (0x00000000873e0dd8) 
thrown [s\open\src\hotspot\share\interpreter\linkResolver.cpp, line 805]
Event: 27.318 Thread 0x000001ce9c94e890 Exception <a 'java/lang/NoSuchMethodError'{0x00000000873f9460}: 'void java.lang.invoke.DelegatingMethodHandle$Holder.reinvoke_L(java.lang.Object, java.lang.Object, java.lang.Object, long, int)'> (0x00000000873f9460) 
thrown [s\open\src\hotspot\share\interpreter\linkResolver.cpp, line 805]
Event: 27.426 Thread 0x000001ce9c94e890 Exception <a 'java/lang/ClassNotFoundException'{0x0000000087088fd0}: java/lang/ClassLoader$ByteBuddyAccessor$V1> (0x0000000087088fd0) 
thrown [s\open\src\hotspot\share\classfile\systemDictionary.cpp, line 327]
Event: 27.428 Thread 0x000001ce9c94e890 Exception <a 'java/lang/NoSuchMethodError'{0x000000008709aaa8}: 'java.lang.Object java.lang.invoke.DelegatingMethodHandle$Holder.reinvoke_L(java.lang.Object, java.lang.Object, java.lang.Object, java.lang.Object, int, int, java.lang.Object, java.lang.Object)'> (0x000000008709aaa8) 
thrown [s\open\src\hotspot\share\interpreter\linkResolver.cpp, line 805]
Event: 27.434 Thread 0x000001ce9c94e890 Exception <a 'java/lang/NoSuchMethodError'{0x00000000870f08e0}: 'java.lang.Object java.lang.invoke.DirectMethodHandle$Holder.invokeStatic(java.lang.Object, java.lang.Object, java.lang.Object, java.lang.Object, java.lang.Object, java.lang.Object, java.lang.Object, java.lang.Object, java.lang.Object, java.lang.Object)'> (0x00000000870f08e0) 
thrown [s\open\src\hotspot\share\interpreter\linkResolver.cpp, line 805]
Event: 27.855 Thread 0x000001ce9c94e890 Exception <a 'java/lang/NoSuchMethodError'{0x00000000864d1e70}: 'void java.lang.invoke.DirectMethodHandle$Holder.invokeSpecial(java.lang.Object, java.lang.Object, long)'> (0x00000000864d1e70) 
thrown [s\open\src\hotspot\share\interpreter\linkResolver.cpp, line 805]
Event: 27.856 Thread 0x000001ce9c94e890 Exception <a 'java/lang/NoSuchMethodError'{0x00000000864e1c68}: 'java.lang.Object java.lang.invoke.DirectMethodHandle$Holder.newInvokeSpecial(java.lang.Object, java.lang.Object, long)'> (0x00000000864e1c68) 
thrown [s\open\src\hotspot\share\interpreter\linkResolver.cpp, line 805]
Event: 27.857 Thread 0x000001ce9c94e890 Exception <a 'java/lang/NoSuchMethodError'{0x00000000864ea8e0}: 'java.lang.Object java.lang.invoke.Invokers$Holder.linkToTargetMethod(java.lang.Object, long, java.lang.Object)'> (0x00000000864ea8e0) 
thrown [s\open\src\hotspot\share\interpreter\linkResolver.cpp, line 805]
Event: 27.884 Thread 0x000001ce9c94e890 Exception <a 'java/lang/NoSuchMethodError'{0x0000000086346870}: 'void java.lang.invoke.Invokers$Holder.invoke_MT(java.lang.Object, java.lang.Object, java.lang.Object, java.lang.Object)'> (0x0000000086346870) 
thrown [s\open\src\hotspot\share\interpreter\linkResolver.cpp, line 805]
Event: 27.905 Thread 0x000001ce9c94e890 Exception <a 'java/lang/NoSuchMethodError'{0x00000000863cb468}: 'java.lang.Object java.lang.invoke.DirectMethodHandle$Holder.newInvokeSpecial(java.lang.Object, double)'> (0x00000000863cb468) 
thrown [s\open\src\hotspot\share\interpreter\linkResolver.cpp, line 805]
Event: 27.906 Thread 0x000001ce9c94e890 Exception <a 'java/lang/NoSuchMethodError'{0x00000000863d5408}: 'void java.lang.invoke.DirectMethodHandle$Holder.invokeSpecial(java.lang.Object, java.lang.Object, double)'> (0x00000000863d5408) 
thrown [s\open\src\hotspot\share\interpreter\linkResolver.cpp, line 805]
Event: 27.907 Thread 0x000001ce9c94e890 Exception <a 'java/lang/NoSuchMethodError'{0x00000000863e5320}: 'java.lang.Object java.lang.invoke.DirectMethodHandle$Holder.newInvokeSpecial(java.lang.Object, java.lang.Object, double)'> (0x00000000863e5320) 
thrown [s\open\src\hotspot\share\interpreter\linkResolver.cpp, line 805]
Event: 38.445 Thread 0x000001ce9c94e890 Exception <a 'java/lang/NoSuchMethodError'{0x000000008608bbd8}: 'long java.lang.invoke.DirectMethodHandle$Holder.invokeStatic(java.lang.Object, long)'> (0x000000008608bbd8) 
thrown [s\open\src\hotspot\share\interpreter\linkResolver.cpp, line 805]

VM Operations (20 events):
Event: 27.024 Executing VM operation: G1PauseCleanup
Event: 27.024 Executing VM operation: G1PauseCleanup done
Event: 27.311 Executing VM operation: HandshakeAllThreads (Deoptimize)
Event: 27.311 Executing VM operation: HandshakeAllThreads (Deoptimize) done
Event: 27.753 Executing VM operation: HandshakeAllThreads (Deoptimize)
Event: 27.753 Executing VM operation: HandshakeAllThreads (Deoptimize) done
Event: 28.045 Executing VM operation: get/set locals
Event: 28.045 Executing VM operation: get/set locals done
Event: 28.045 Executing VM operation: get/set locals
Event: 28.045 Executing VM operation: get/set locals done
Event: 28.045 Executing VM operation: get/set locals
Event: 28.045 Executing VM operation: get/set locals done
Event: 28.046 Executing VM operation: get/set locals
Event: 28.046 Executing VM operation: get/set locals done
Event: 28.046 Executing VM operation: get/set locals
Event: 28.046 Executing VM operation: get/set locals done
Event: 28.080 Executing VM operation: get/set locals
Event: 28.080 Executing VM operation: get/set locals done
Event: 38.229 Executing VM operation: ChangeBreakpoints
Event: 38.235 Executing VM operation: ChangeBreakpoints done

Memory protections (0 events):
No events

Nmethod flushes (20 events):
Event: 27.009 Thread 0x000001ceba2aeaa0 flushing  nmethod 0x000001cea5c6d988
Event: 27.009 Thread 0x000001ceba2aeaa0 flushing  nmethod 0x000001cea5c83b88
Event: 27.009 Thread 0x000001ceba2aeaa0 flushing  nmethod 0x000001cea5d46988
Event: 27.009 Thread 0x000001ceba2aeaa0 flushing  nmethod 0x000001cea5d82d88
Event: 27.009 Thread 0x000001ceba2aeaa0 flushing  nmethod 0x000001cea5d9c708
Event: 27.009 Thread 0x000001ceba2aeaa0 flushing  nmethod 0x000001cea5dc4d08
Event: 27.009 Thread 0x000001ceba2aeaa0 flushing  nmethod 0x000001cea5df7f08
Event: 27.009 Thread 0x000001ceba2aeaa0 flushing  nmethod 0x000001cea5df8e88
Event: 27.009 Thread 0x000001ceba2aeaa0 flushing  nmethod 0x000001cea5e34c08
Event: 27.009 Thread 0x000001ceba2aeaa0 flushing  nmethod 0x000001cea5e8e188
Event: 27.009 Thread 0x000001ceba2aeaa0 flushing  nmethod 0x000001cea5e8f108
Event: 27.009 Thread 0x000001ceba2aeaa0 flushing  nmethod 0x000001cea5e9ed08
Event: 27.009 Thread 0x000001ceba2aeaa0 flushing  nmethod 0x000001cea5efcc08
Event: 27.009 Thread 0x000001ceba2aeaa0 flushing  nmethod 0x000001cea5f1d288
Event: 27.009 Thread 0x000001ceba2aeaa0 flushing  nmethod 0x000001cea5f1e188
Event: 27.009 Thread 0x000001ceba2aeaa0 flushing  nmethod 0x000001cea5f20088
Event: 27.009 Thread 0x000001ceba2aeaa0 flushing  nmethod 0x000001cea5f20388
Event: 27.009 Thread 0x000001ceba2aeaa0 flushing  nmethod 0x000001cea5f68388
Event: 27.009 Thread 0x000001ceba2aeaa0 flushing  nmethod 0x000001cea5f6b588
Event: 27.009 Thread 0x000001ceba2aeaa0 flushing  nmethod 0x000001cea5f71e88

Events (20 events):
Event: 17.409 Thread 0x000001ceba2e1870 Thread added: 0x000001ce802214e0
Event: 18.120 Thread 0x000001ceba2e1870 Thread added: 0x000001ceba52a010
Event: 19.067 Thread 0x000001ceba52a010 Thread exited: 0x000001ceba52a010
Event: 19.745 Thread 0x000001ce9c94e890 Thread added: 0x000001ce836a6fa0
Event: 20.717 Thread 0x000001ceba2e1870 Thread added: 0x000001ce89847560
Event: 20.724 Thread 0x000001ce9c94e890 Thread added: 0x000001ce896f1b90
Event: 20.737 Thread 0x000001ce896f1b90 Thread exited: 0x000001ce896f1b90
Event: 20.769 Thread 0x000001ce9c94e890 Thread added: 0x000001ce896f1b90
Event: 20.837 Thread 0x000001ce836a6fa0 Thread exited: 0x000001ce836a6fa0
Event: 20.872 Thread 0x000001ce896f1b90 Thread exited: 0x000001ce896f1b90
Event: 22.620 Thread 0x000001ce9c94e890 Thread added: 0x000001ce87d3fcc0
Event: 22.742 Thread 0x000001ce9c94e890 Thread added: 0x000001ce87d428a0
Event: 22.839 Thread 0x000001ce87d428a0 Thread added: 0x000001ce87d42150
Event: 22.856 Thread 0x000001ce87d428a0 Thread added: 0x000001ce87d42ff0
Event: 26.530 Thread 0x000001ce89847560 Thread exited: 0x000001ce89847560
Event: 26.878 Thread 0x000001ce802214e0 Thread exited: 0x000001ce802214e0
Event: 27.046 Thread 0x000001ceba2e1870 Thread added: 0x000001ce801e0300
Event: 27.433 Thread 0x000001ceba2e1870 Thread added: 0x000001ce88a808d0
Event: 28.723 Thread 0x000001ce88a808d0 Thread exited: 0x000001ce88a808d0
Event: 28.724 Thread 0x000001ce801e0300 Thread exited: 0x000001ce801e0300


Dynamic libraries:
0x00007ff7e3050000 - 0x00007ff7e305e000 	C:\Users\luizh\.jdks\openjdk-24.0.1\bin\java.exe
0x00007ffd56340000 - 0x00007ffd565a6000 	C:\WINDOWS\SYSTEM32\ntdll.dll
0x00007ffd54be0000 - 0x00007ffd54ca9000 	C:\WINDOWS\System32\KERNEL32.DLL
0x00007ffd53a50000 - 0x00007ffd53e1c000 	C:\WINDOWS\System32\KERNELBASE.dll
0x000000005fc80000 - 0x000000005ffb0000 	C:\Program Files\Norton Security\NortonData\22.21.5.49\Definitions\IPSDefs\20230119.061\IPSEng64.dll
0x00007ffd54ec0000 - 0x00007ffd54f72000 	C:\WINDOWS\System32\ADVAPI32.dll
0x00007ffd550d0000 - 0x00007ffd55179000 	C:\WINDOWS\System32\msvcrt.dll
0x00007ffd54200000 - 0x00007ffd542a6000 	C:\WINDOWS\System32\sechost.dll
0x00007ffd55e40000 - 0x00007ffd55f56000 	C:\WINDOWS\System32\RPCRT4.dll
0x00007ffd54eb0000 - 0x00007ffd54eb8000 	C:\WINDOWS\System32\PSAPI.DLL
0x00007ffd53900000 - 0x00007ffd53a4b000 	C:\WINDOWS\System32\ucrtbase.dll
0x00007ffd49f60000 - 0x00007ffd49f7b000 	C:\Users\luizh\.jdks\openjdk-24.0.1\bin\VCRUNTIME140.dll
0x00007ffd4ad10000 - 0x00007ffd4ad26000 	C:\Users\luizh\.jdks\openjdk-24.0.1\bin\jli.dll
0x00007ffd54ce0000 - 0x00007ffd54eaa000 	C:\WINDOWS\System32\USER32.dll
0x00007ffd3ebc0000 - 0x00007ffd3ee5a000 	C:\WINDOWS\WinSxS\amd64_microsoft.windows.common-controls_6595b64144ccf1df_6.0.26100.3912_none_3e07963ce335137e\COMCTL32.dll
0x00007ffd53750000 - 0x00007ffd53777000 	C:\WINDOWS\System32\win32u.dll
0x00007ffd55010000 - 0x00007ffd5503b000 	C:\WINDOWS\System32\GDI32.dll
0x00007ffd534d0000 - 0x00007ffd53602000 	C:\WINDOWS\System32\gdi32full.dll
0x00007ffd536a0000 - 0x00007ffd53743000 	C:\WINDOWS\System32\msvcp_win.dll
0x00007ffd55040000 - 0x00007ffd55070000 	C:\WINDOWS\System32\IMM32.DLL
0x00007ffd4db10000 - 0x00007ffd4db1c000 	C:\Users\luizh\.jdks\openjdk-24.0.1\bin\vcruntime140_1.dll
0x00007ffd3bc50000 - 0x00007ffd3bcde000 	C:\Users\luizh\.jdks\openjdk-24.0.1\bin\msvcp140.dll
0x00007ffcddb70000 - 0x00007ffcde912000 	C:\Users\luizh\.jdks\openjdk-24.0.1\bin\server\jvm.dll
0x00007ffd54f90000 - 0x00007ffd55004000 	C:\WINDOWS\System32\WS2_32.dll
0x00007ffd52100000 - 0x00007ffd5215e000 	C:\WINDOWS\SYSTEM32\POWRPROF.dll
0x00007ffd3ee60000 - 0x00007ffd3ee96000 	C:\WINDOWS\SYSTEM32\WINMM.dll
0x00007ffd50f90000 - 0x00007ffd50f9b000 	C:\WINDOWS\SYSTEM32\VERSION.dll
0x00007ffd52040000 - 0x00007ffd52054000 	C:\WINDOWS\SYSTEM32\UMPDC.dll
0x00007ffd523b0000 - 0x00007ffd523ca000 	C:\WINDOWS\SYSTEM32\kernel.appcore.dll
0x00007ffd4aa90000 - 0x00007ffd4aa9a000 	C:\Users\luizh\.jdks\openjdk-24.0.1\bin\jimage.dll
0x00007ffd4dc20000 - 0x00007ffd4de61000 	C:\WINDOWS\SYSTEM32\DBGHELP.DLL
0x00007ffd55f70000 - 0x00007ffd562f4000 	C:\WINDOWS\System32\combase.dll
0x00007ffd553a0000 - 0x00007ffd55480000 	C:\WINDOWS\System32\OLEAUT32.dll
0x00007ffd3cdb0000 - 0x00007ffd3cde9000 	C:\WINDOWS\SYSTEM32\dbgcore.DLL
0x00007ffd54060000 - 0x00007ffd540f9000 	C:\WINDOWS\System32\bcryptPrimitives.dll
0x00007ffd49f00000 - 0x00007ffd49f3c000 	C:\Users\luizh\.jdks\openjdk-24.0.1\bin\jdwp.dll
0x00007ffd4aad0000 - 0x00007ffd4aadf000 	C:\Users\luizh\.jdks\openjdk-24.0.1\bin\instrument.dll
0x00007ffd49e20000 - 0x00007ffd49e3e000 	C:\Users\luizh\.jdks\openjdk-24.0.1\bin\java.dll
0x00007ffd55180000 - 0x00007ffd5531f000 	C:\WINDOWS\System32\ole32.dll
0x00007ffd544b0000 - 0x00007ffd54bdd000 	C:\WINDOWS\System32\SHELL32.dll
0x00007ffd53ee0000 - 0x00007ffd54054000 	C:\WINDOWS\System32\wintypes.dll
0x00007ffd16fc0000 - 0x00007ffd171b8000 	C:\Users\luizh\AppData\Local\Temp\idea_libasyncProfiler_dll_temp_folder9\libasyncProfiler.dll
0x00007ffd49d20000 - 0x00007ffd49d37000 	C:\Users\luizh\.jdks\openjdk-24.0.1\bin\zip.dll
0x00007ffd51130000 - 0x00007ffd51986000 	C:\WINDOWS\SYSTEM32\windows.storage.dll
0x00007ffd55490000 - 0x00007ffd5557f000 	C:\WINDOWS\System32\SHCORE.dll
0x00007ffd55330000 - 0x00007ffd55399000 	C:\WINDOWS\System32\shlwapi.dll
0x00007ffd533e0000 - 0x00007ffd5340f000 	C:\WINDOWS\SYSTEM32\profapi.dll
0x00007ffd3bb70000 - 0x00007ffd3bc47000 	C:\Users\luizh\.jdks\openjdk-24.0.1\bin\jsvml.dll
0x00007ffd4aac0000 - 0x00007ffd4aacc000 	C:\Users\luizh\.jdks\openjdk-24.0.1\bin\dt_socket.dll
0x00007ffd51d30000 - 0x00007ffd51d63000 	C:\WINDOWS\SYSTEM32\IPHLPAPI.DLL
0x00007ffd52920000 - 0x00007ffd5298a000 	C:\WINDOWS\system32\mswsock.dll
0x00007ffd49db0000 - 0x00007ffd49dc0000 	C:\Users\luizh\.jdks\openjdk-24.0.1\bin\net.dll
0x00007ffd49d90000 - 0x00007ffd49da6000 	C:\Users\luizh\.jdks\openjdk-24.0.1\bin\nio.dll
0x00007ffd49d80000 - 0x00007ffd49d90000 	C:\Users\luizh\.jdks\openjdk-24.0.1\bin\verify.dll
0x00007ffd52bc0000 - 0x00007ffd52bdc000 	C:\WINDOWS\SYSTEM32\CRYPTSP.dll
0x00007ffd52310000 - 0x00007ffd5234a000 	C:\WINDOWS\system32\rsaenh.dll
0x00007ffd529c0000 - 0x00007ffd529eb000 	C:\WINDOWS\SYSTEM32\USERENV.dll
0x00007ffd533b0000 - 0x00007ffd533d6000 	C:\WINDOWS\SYSTEM32\bcrypt.dll
0x00007ffd52be0000 - 0x00007ffd52bec000 	C:\WINDOWS\SYSTEM32\CRYPTBASE.dll
0x00007ffd54f80000 - 0x00007ffd54f8a000 	C:\WINDOWS\System32\NSI.dll
0x00007ffd51d70000 - 0x00007ffd51e97000 	C:\WINDOWS\SYSTEM32\DNSAPI.dll
0x00007ffd42ac0000 - 0x00007ffd42acb000 	C:\Windows\System32\rasadhlp.dll
0x00007ffd438e0000 - 0x00007ffd43966000 	C:\WINDOWS\System32\fwpuclnt.dll
0x00007ffd49d10000 - 0x00007ffd49d19000 	C:\Users\luizh\.jdks\openjdk-24.0.1\bin\extnet.dll
0x00007ffd49d50000 - 0x00007ffd49d5e000 	C:\Users\luizh\.jdks\openjdk-24.0.1\bin\sunmscapi.dll
0x00007ffd53780000 - 0x00007ffd538f7000 	C:\WINDOWS\System32\CRYPT32.dll
0x00007ffd52dd0000 - 0x00007ffd52e00000 	C:\WINDOWS\SYSTEM32\ncrypt.dll
0x00007ffd52d80000 - 0x00007ffd52dbf000 	C:\WINDOWS\SYSTEM32\NTASN1.dll
0x00007ffd48180000 - 0x00007ffd4818a000 	C:\Users\luizh\.jdks\openjdk-24.0.1\bin\management.dll
0x00007ffd48170000 - 0x00007ffd4817b000 	C:\Users\luizh\.jdks\openjdk-24.0.1\bin\management_ext.dll

JVMTI agents:
jdwp path:C:\Users\luizh\.jdks\openjdk-24.0.1\bin\jdwp.dll, loaded, initialized, options:transport=dt_socket,address=127.0.0.1:49676,suspend=y,server=n
C:\Users\luizh\AppData\Local\JetBrains\IntelliJIdea2025.1\captureAgent\debugger-agent.jar path:C:\Users\luizh\.jdks\openjdk-24.0.1\bin\instrument.dll, loaded, initialized, instrumentlib options:file:///C:/Users/luizh/AppData/Local/Temp/capture10634565597680994053.props
C:\Users\luizh\AppData\Local\Temp\idea_libasyncProfiler_dll_temp_folder9\libasyncProfiler.dll path:C:\Users\luizh\AppData\Local\Temp\idea_libasyncProfiler_dll_temp_folder9\libasyncProfiler.dll, loaded, initialized, options:version,jfr,event=wall,interval=10ms,cstack=no,file=C:\Users\luizh\IdeaSnapshots\AccountMovementControllerIntegrationTest_givenValidAccountMovementRequest_whenFindingAccountMovementHistory_thenCallRepository_2025_05_26_115548.jfr,dbghelppath=C:\Users\luizh\AppData\Local\Temp\idea_dbghelp_dll_temp_folder\dbghelp.dll,log=C:\Users\luizh\AppData\Local\Temp\AccountMovementControllerIntegrationTest_givenValidAccountMovementRequest_whenFindingAccountMovementHistory_thenCallRepository_2025_05_26_115548.jfr.log.txt,logLevel=DEBUG
C:\Users\luizh\.m2\repository\net\bytebuddy\byte-buddy-agent\1.15.11\byte-buddy-agent-1.15.11.jar path:C:\Users\luizh\.jdks\openjdk-24.0.1\bin\instrument.dll, loaded, initialized, dynamic instrumentlib options:none

dbghelp: loaded successfully - version: 4.0.5 - missing functions: none
symbol engine: initialized successfully - sym options: 0x614 - pdb path: .;C:\Users\luizh\.jdks\openjdk-24.0.1\bin;C:\WINDOWS\SYSTEM32;C:\Program Files\Norton Security\NortonData\22.21.5.49\Definitions\IPSDefs\20230119.061;C:\WINDOWS\WinSxS\amd64_microsoft.windows.common-controls_6595b64144ccf1df_6.0.26100.3912_none_3e07963ce335137e;C:\Users\luizh\.jdks\openjdk-24.0.1\bin\server;C:\Users\luizh\AppData\Local\Temp\idea_libasyncProfiler_dll_temp_folder9

VM Arguments:
jvm_args: -agentlib:jdwp=transport=dt_socket,address=127.0.0.1:49676,suspend=y,server=n -javaagent:C:\Users\luizh\AppData\Local\JetBrains\IntelliJIdea2025.1\captureAgent\debugger-agent.jar=file:///C:/Users/luizh/AppData/Local/Temp/capture10634565597680994053.props -ea -agentpath:C:\Users\luizh\AppData\Local\Temp\idea_libasyncProfiler_dll_temp_folder9\libasyncProfiler.dll=version,jfr,event=wall,interval=10ms,cstack=no,file=C:\Users\luizh\IdeaSnapshots\AccountMovementControllerIntegrationTest_givenValidAccountMovementRequest_whenFindingAccountMovementHistory_thenCallRepository_2025_05_26_115548.jfr,dbghelppath=C:\Users\luizh\AppData\Local\Temp\idea_dbghelp_dll_temp_folder\dbghelp.dll,log=C:\Users\luizh\AppData\Local\Temp\AccountMovementControllerIntegrationTest_givenValidAccountMovementRequest_whenFindingAccountMovementHistory_thenCallRepository_2025_05_26_115548.jfr.log.txt,logLevel=DEBUG -Didea.test.cyclic.buffer.size=1048576 -Dkotlinx.coroutines.debug.enable.creation.stack.trace=false -Ddebugger.agent.enable.coroutines=true -Dkotlinx.coroutines.debug.enable.flows.stack.trace=true -Dkotlinx.coroutines.debug.enable.mutable.state.flows.stack.trace=true -Dfile.encoding=UTF-8 -Dsun.stdout.encoding=UTF-8 -Dsun.stderr.encoding=UTF-8 
java_command: com.intellij.rt.junit.JUnitStarter -ideVersion5 -junit5 br.com.khadijeelzein.accountmanager.controller.AccountMovementControllerIntegrationTest,givenValidAccountMovementRequest_whenFindingAccountMovementHistory_thenCallRepository
java_class_path (initial): C:\Users\luizh\.m2\repository\org\junit\platform\junit-platform-launcher\1.11.4\junit-platform-launcher-1.11.4.jar;C:\Users\luizh\.m2\repository\org\junit\vintage\junit-vintage-engine\5.11.4\junit-vintage-engine-5.11.4.jar;C:\Program Files\JetBrains\IntelliJ IDEA 2025.1.1.1\lib\idea_rt.jar;C:\Program Files\JetBrains\IntelliJ IDEA 2025.1.1.1\plugins\junit\lib\junit5-rt.jar;C:\Program Files\JetBrains\IntelliJ IDEA 2025.1.1.1\plugins\junit\lib\junit-rt.jar;C:\Users\luizh\Downloads\accountmanager\target\test-classes;C:\Users\luizh\Downloads\accountmanager\target\classes;C:\Users\luizh\.m2\repository\org\springframework\boot\spring-boot-starter-data-mongodb\3.4.5\spring-boot-starter-data-mongodb-3.4.5.jar;C:\Users\luizh\.m2\repository\org\springframework\boot\spring-boot-starter\3.4.5\spring-boot-starter-3.4.5.jar;C:\Users\luizh\.m2\repository\org\springframework\boot\spring-boot\3.4.5\spring-boot-3.4.5.jar;C:\Users\luizh\.m2\repository\org\springframework\boot\spring-boot-autoconfigure\3.4.5\spring-boot-autoconfigure-3.4.5.jar;C:\Users\luizh\.m2\repository\org\springframework\boot\spring-boot-starter-logging\3.4.5\spring-boot-starter-logging-3.4.5.jar;C:\Users\luizh\.m2\repository\ch\qos\logback\logback-classic\1.5.18\logback-classic-1.5.18.jar;C:\Users\luizh\.m2\repository\ch\qos\logback\logback-core\1.5.18\logback-core-1.5.18.jar;C:\Users\luizh\.m2\repository\org\apache\logging\log4j\log4j-to-slf4j\2.24.3\log4j-to-slf4j-2.24.3.jar;C:\Users\luizh\.m2\repository\org\apache\logging\log4j\log4j-api\2.24.3\log4j-api-2.24.3.jar;C:\Users\luizh\.m2\repository\org\slf4j\jul-to-slf4j\2.0.17\jul-to-slf4j-2.0.17.jar;C:\Users\luizh\.m2\repository\jakarta\annotation\jakarta.annotation-api\2.1.1\jakarta.annotation-api-2.1.1.jar;C:\Users\luizh\.m2\repository\org\yaml\snakeyaml\2.3\snakeyaml-2.3.jar;C:\Users\luizh\.m2\repository\org\mongodb\mongodb-driver-sync\5.2.1\mongodb-driver-sync-5.2.1.jar;C:\Users\luizh\.m2\repository\org\mongodb\bson\5.2.1\bson-5.2.1.jar;C:\Users\luizh\.m2\repository\org\mongodb\mongodb-driver-core\5.2.1\mongodb-driver-core-5.2.1.jar;C:\Users\luizh\.m2\repository\org\mongodb\bson-record-codec\5.2.1\bson-record-codec-5.2.1.jar;C:\Users\luizh\.m2\repository\org\springframework\data\spring-data-mongodb\4.4.5\spring-data-mongodb-4.4.5.jar;C:\Users\luizh\.m2\repository\org\springframework\spring-tx\6.2.6\spring-tx-6.2.6.jar;C:\Users\luizh\.m2\repository\org\springframework\spring-context\6.2.6\spring-context-6.2.6.jar;C:\Users\luizh\.m2\repository\org\springframework\spring-beans\6.2.6\spring-beans-6.2.6.jar;C:\Users\luizh\.m2\repository\org\springframework\spring-expression\6.2.6\spring-expression-6.2.6.jar;C:\Users\luizh\.m2\repository\org\springframework\data\spring-data-commons\3.4.5\spring-data-commons-3.4.5.jar;C:\Users\luizh\.m2\repository\org\springframework\boot\spring-boot-starter-validation\3.4.5\spring-boot-starter-validation-3.4.5.jar;C:\Users\luizh\.m2\repository\org\apache\tomcat\embed\tomcat-embed-el\10.1.40\tomcat-embed-el-10.1.40.jar;C:\Users\luizh\.m2\repository\org\hibernate\validator\hibernate-validator\8.0.2.Final\hibernate-validator-8.0.2.Final.jar;C:\Users\luizh\.m2\repository\jakarta\validation\jakarta.validation-api\3.0.2\jakarta.validation-api-3.0.2.jar;C:\Users\luizh\.m2\repository\org\jboss\logging\jboss-logging\3.6.1.Final\jboss-logging-3.6.1.Final.jar;C:\Users\luizh\.m2\repository\com\fasterxml\classmate\1.7.0\classmate-1.7.0.jar;C:\Users\luizh\.m2\repository\org\springframework\boot\spring-boot-starter-web\3.4.5\spring-boot-starter-web-3.4.5.jar;C:\Users\luizh\.m2\repository\org\springframework\boot\spring-boot-starter-json\3.4.5\spring-boot-starter-json-3.4.5.jar;C:\Users\luizh\.m2\repository\com\fasterxml\jackson\core\jackson-databind\2.18.3\jackson-databind-2.18.3.jar;C:\Users\luizh\.m2\repository\com\fasterxml\jackson\core\jackson-core\2.18.3\jackson-core-2.18.3.jar;C:\Users\luizh\.m2\repository\com\fasterxml\jackson\datatype\jackson-datatype-jdk8\2.18.3\jackson-datatype-jdk8-2.18.3.jar;C:\Users\luizh\.m2\repository\com\fasterxml\jackson\datatype\jackson-datatype-jsr310\2.18.3\jackson-datatype-jsr310-2.18.3.jar;C:\Users\luizh\.m2\repository\com\fasterxml\jackson\module\jackson-module-parameter-names\2.18.3\jackson-module-parameter-names-2.18.3.jar;C:\Users\luizh\.m2\repository\org\springframework\boot\spring-boot-starter-tomcat\3.4.5\spring-boot-starter-tomcat-3.4.5.jar;C:\Users\luizh\.m2\repository\org\apache\tomcat\embed\tomcat-embed-core\10.1.40\tomcat-embed-core-10.1.40.jar;C:\Users\luizh\.m2\repository\org\apache\tomcat\embed\tomcat-embed-websocket\10.1.40\tomcat-embed-websocket-10.1.40.jar;C:\Users\luizh\.m2\repository\org\springframework\spring-web\6.2.6\spring-web-6.2.6.jar;C:\Users\luizh\.m2\repository\io\micrometer\micrometer-observation\1.14.6\micrometer-observation-1.14.6.jar;C:\Users\luizh\.m2\repository\io\micrometer\micrometer-commons\1.14.6\micrometer-commons-1.14.6.jar;C:\Users\luizh\.m2\repository\org\springframework\spring-webmvc\6.2.6\spring-webmvc-6.2.6.jar;C:\Users\luizh\.m2\repository\org\springframework\spring-aop\6.2.6\spring-aop-6.2.6.jar;C:\Users\luizh\.m2\repository\org\projectlombok\lombok\1.18.38\lombok-1.18.38.jar;C:\Users\luizh\.m2\repository\org\springframework\boot\spring-boot-starter-test\3.4.5\spring-boot-starter-test-3.4.5.jar;C:\Users\luizh\.m2\repository\org\springframework\boot\spring-boot-test\3.4.5\spring-boot-test-3.4.5.jar;C:\Users\luizh\.m2\repository\org\springframework\boot\spring-boot-test-autoconfigure\3.4.5\spring-boot-test-autoconfigure-3.4.5.jar;C:\Users\luizh\.m2\repository\com\jayway\jsonpath\json-path\2.9.0\json-path-2.9.0.jar;C:\Users\luizh\.m2\repository\jakarta\xml\bind\jakarta.xml.bind-api\4.0.2\jakarta.xml.bind-api-4.0.2.jar;C:\Users\luizh\.m2\repository\jakarta\activation\jakarta.activation-api\2.1.3\jakarta.activation-api-2.1.3.jar;C:\Users\luizh\.m2\repository\net\minidev\json-smart\2.5.2\json-smart-2.5.2.jar;C:\Users\luizh\.m2\repository\net\minidev\accessors-smart\2.5.2\accessors-smart-2.5.2.jar;C:\Users\luizh\.m2\repository\org\ow2\asm\asm\9.7.1\asm-9.7.1.jar;C:\Users\luizh\.m2\repository\org\assertj\assertj-core\3.26.3\assertj-core-3.26.3.jar;C:\Users\luizh\.m2\repository\net\bytebuddy\byte-buddy\1.15.11\byte-buddy-1.15.11.jar;C:\Users\luizh\.m2\repository\org\awaitility\awaitility\4.2.2\awaitility-4.2.2.jar;C:\Users\luizh\.m2\repository\org\hamcrest\hamcrest\2.2\hamcrest-2.2.jar;C:\Users\luizh\.m2\repository\org\junit\jupiter\junit-jupiter\5.11.4\junit-jupiter-5.11.4.jar;C:\Users\luizh\.m2\repository\org\junit\jupiter\junit-jupiter-api\5.11.4\junit-jupiter-api-5.11.4.jar;C:\Users\luizh\.m2\repository\org\opentest4j\opentest4j\1.3.0\opentest4j-1.3.0.jar;C:\Users\luizh\.m2\repository\org\junit\platform\junit-platform-commons\1.11.4\junit-platform-commons-1.11.4.jar;C:\Users\luizh\.m2\repository\org\apiguardian\apiguardian-api\1.1.2\apiguardian-api-1.1.2.jar;C:\Users\luizh\.m2\repository\org\junit\jupiter\junit-jupiter-params\5.11.4\junit-jupiter-params-5.11.4.jar;C:\Users\luizh\.m2\repository\org\junit\jupiter\junit-jupiter-engine\5.11.4\junit-jupiter-engine-5.11.4.jar;C:\Users\luizh\.m2\repository\org\junit\platform\junit-platform-engine\1.11.4\junit-platform-engine-1.11.4.jar;C:\Users\luizh\.m2\repository\org\mockito\mockito-core\5.14.2\mockito-core-5.14.2.jar;C:\Users\luizh\.m2\repository\net\bytebuddy\byte-buddy-agent\1.15.11\byte-buddy-agent-1.15.11.jar;C:\Users\luizh\.m2\repository\org\objenesis\objenesis\3.3\objenesis-3.3.jar;C:\Users\luizh\.m2\repository\org\mockito\mockito-junit-jupiter\5.14.2\mockito-junit-jupiter-5.14.2.jar;C:\Users\luizh\.m2\repository\org\skyscreamer\jsonassert\1.5.3\jsonassert-1.5.3.jar;C:\Users\luizh\.m2\repository\com\vaadin\external\google\android-json\0.0.20131108.vaadin1\android-json-0.0.20131108.vaadin1.jar;C:\Users\luizh\.m2\repository\org\springframework\spring-core\6.2.6\spring-core-6.2.6.jar;C:\Users\luizh\.m2\repository\org\springframework\spring-jcl\6.2.6\spring-jcl-6.2.6.jar;C:\Users\luizh\.m2\repository\org\springframework\spring-test\6.2.6\spring-test-6.2.6.jar;C:\Users\luizh\.m2\repository\org\xmlunit\xmlunit-core\2.10.0\xmlunit-core-2.10.0.jar;C:\Users\luizh\.m2\repository\org\testcontainers\testcontainers\1.21.0\testcontainers-1.21.0.jar;C:\Users\luizh\.m2\repository\junit\junit\4.13.2\junit-4.13.2.jar;C:\Users\luizh\.m2\repository\org\hamcrest\hamcrest-core\2.2\hamcrest-core-2.2.jar;C:\Users\luizh\.m2\repository\org\slf4j\slf4j-api\2.0.17\slf4j-api-2.0.17.jar;C:\Users\luizh\.m2\repository\org\apache\commons\commons-compress\1.24.0\commons-compress-1.24.0.jar;C:\Users\luizh\.m2\repository\org\rnorth\duct-tape\duct-tape\1.0.8\duct-tape-1.0.8.jar;C:\Users\luizh\.m2\repository\org\jetbrains\annotations\17.0.0\annotations-17.0.0.jar;C:\Users\luizh\.m2\repository\com\github\docker-java\docker-java-api\3.4.2\docker-java-api-3.4.2.jar;C:\Users\luizh\.m2\repository\com\fasterxml\jackson\core\jackson-annotations\2.18.3\jackson-annotations-2.18.3.jar;C:\Users\luizh\.m2\repository\com\github\docker-java\docker-java-transport-zerodep\3.4.2\docker-java-transport-zerodep-3.4.2.jar;C:\Users\luizh\.m2\repository\com\github\docker-java\docker-java-transport\3.4.2\docker-java-transport-3.4.2.jar;C:\Users\luizh\.m2\repository\net\java\dev\jna\jna\5.13.0\jna-5.13.0.jar;C:\Users\luizh\.m2\repository\org\testcontainers\junit-jupiter\1.20.6\junit-jupiter-1.20.6.jar;C:\Users\luizh\.m2\repository\org\testcontainers\mongodb\1.21.0\mongodb-1.21.0.jar
Launcher Type: SUN_STANDARD

[Global flags]
     intx CICompilerCount                          = 4                                         {product} {ergonomic}
     uint ConcGCThreads                            = 2                                         {product} {ergonomic}
     uint G1ConcRefinementThreads                  = 8                                         {product} {ergonomic}
   size_t G1HeapRegionSize                         = 1048576                                   {product} {ergonomic}
   size_t InitialHeapSize                          = 132120576                                 {product} {ergonomic}
   size_t MarkStackSize                            = 4194304                                   {product} {ergonomic}
   size_t MarkStackSizeMax                         = 536870912                                 {product} {ergonomic}
   size_t MaxHeapSize                              = 2101346304                                {product} {ergonomic}
   size_t MaxNewSize                               = 1260388352                                {product} {ergonomic}
   size_t MinHeapDeltaBytes                        = 1048576                                   {product} {ergonomic}
   size_t MinHeapSize                              = 8388608                                   {product} {ergonomic}
    uintx NonNMethodCodeHeapSize                   = 5832704                                {pd product} {ergonomic}
    uintx NonProfiledCodeHeapSize                  = 122945536                              {pd product} {ergonomic}
    uintx ProfiledCodeHeapSize                     = 122880000                              {pd product} {ergonomic}
    uintx ReservedCodeCacheSize                    = 251658240                              {pd product} {ergonomic}
     bool SegmentedCodeCache                       = true                                      {product} {ergonomic}
   size_t SoftMaxHeapSize                          = 2101346304                             {manageable} {ergonomic}
     bool UseCompressedOops                        = true                           {product lp64_product} {ergonomic}
     bool UseG1GC                                  = true                                      {product} {ergonomic}
     bool UseLargePagesIndividualAllocation        = false                                  {pd product} {ergonomic}

Logging:
Log output configuration:
 #0: stdout all=warning uptime,level,tags foldmultilines=false
 #1: stderr all=off uptime,level,tags foldmultilines=false

Environment Variables:
JAVA_HOME=C:\Program Files\Java\jdk-17
PATH=C:\Program Files\Common Files\Oracle\Java\javapath;C:\Python311\Scripts\;C:\Python311\;C:\WINDOWS\system32;C:\WINDOWS;C:\WINDOWS\System32\Wbem;C:\WINDOWS\System32\WindowsPowerShell\v1.0\;C:\WINDOWS\System32\OpenSSH\;C:\Program Files\nodejs\;C:\ProgramData\chocolatey\bin;C:\Program Files\Git\cmd;C:\Program Files\Docker\Docker\resources\bin;C:\ProgramData\chocolatey\lib\maven\apache-maven-3.9.9\bin;C:\ProgramData\chocolatey\lib\maven\apache-maven-3.9.9\bin;C:\Program Files\MySQL\MySQL Shell 8.0\bin\;C:\Users\luizh\AppData\Local\Microsoft\WindowsApps;C:\Users\luizh\AppData\Local\Programs\Microsoft VS Code\bin;C:\Users\luizh\AppData\Roaming\npm;C:\Flutter\flutter_windows_3.7.1-stable\flutter\bin;C:\tools\dart-sdk\bin;C:\Users\luizh\AppData\Roaming\Pub\Cache\bin;
USERNAME=luizh
OS=Windows_NT
PROCESSOR_IDENTIFIER=Intel64 Family 6 Model 142 Stepping 12, GenuineIntel
TMP=C:\Users\luizh\AppData\Local\Temp
TEMP=C:\Users\luizh\AppData\Local\Temp




Periodic native trim disabled

---------------  S Y S T E M  ---------------

OS:
 Windows 11 , 64 bit Build 26100 (10.0.26100.3912)
OS uptime: 9 days 17:23 hours
Hyper-V role detected

CPU: total 8 (initial active 8) (4 cores per cpu, 2 threads per core) family 6 model 142 stepping 12 microcode 0xea, cx8, cmov, fxsr, ht, mmx, 3dnowpref, sse, sse2, sse3, ssse3, sse4.1, sse4.2, popcnt, lzcnt, tsc, tscinvbit, avx, avx2, aes, erms, clmul, bmi1, bmi2, adx, fma, vzeroupper, clflush, clflushopt, hv, rdtscp, f16c
Processor Information for processor 0
  Max Mhz: 2304, Current Mhz: 1502, Mhz Limit: 1797
Processor Information for processor 1
  Max Mhz: 2304, Current Mhz: 1803, Mhz Limit: 1797
Processor Information for processor 2
  Max Mhz: 2304, Current Mhz: 1803, Mhz Limit: 1797
Processor Information for processor 3
  Max Mhz: 2304, Current Mhz: 1502, Mhz Limit: 1797
Processor Information for processor 4
  Max Mhz: 2304, Current Mhz: 1803, Mhz Limit: 1797
Processor Information for processor 5
  Max Mhz: 2304, Current Mhz: 1502, Mhz Limit: 1797
Processor Information for processor 6
  Max Mhz: 2304, Current Mhz: 1803, Mhz Limit: 1797
Processor Information for processor 7
  Max Mhz: 2304, Current Mhz: 1502, Mhz Limit: 1797

Memory: 4k page, system-wide physical 8013M (1109M free)
TotalPageFile size 23965M (AvailPageFile size 3470M)
current process WorkingSet (physical memory assigned to process): 289M, peak: 364M
current process commit charge ("private bytes"): 362M, peak: 441M

vm_info: OpenJDK 64-Bit Server VM (24.0.1+9-30) for windows-amd64 JRE (24.0.1+9-30), built on 2025-03-05T07:23:45Z with MS VC++ 17.6 (VS2022)

END.
